#
# There is insufficient memory for the Java Runtime Environment to continue.
# Native memory allocation (malloc) failed to allocate 178782208 bytes for committing reserved memory.
# Possible reasons:
#   The system is out of physical RAM or swap space
#   In 32 bit mode, the process size limit was hit
# Possible solutions:
#   Reduce memory load on the system
#   Increase physical memory or swap space
#   Check if swap backing store is full
#   Use 64 bit Java on a 64 bit OS
#   Decrease Java heap size (-Xmx/-Xms)
#   Decrease number of Java threads
#   Decrease Java thread stack sizes (-Xss)
#   Set larger code cache with -XX:ReservedCodeCacheSize=
# This output file may be truncated or incomplete.
#
#  Out of Memory Error (os_linux.cpp:2756), pid=4645, tid=139763025704704
#
# JRE version: Java(TM) SE Runtime Environment (7.0_79-b15) (build 1.7.0_79-b15)
# Java VM: Java HotSpot(TM) 64-Bit Server VM (24.79-b02 mixed mode linux-amd64 compressed oops)
# Failed to write core dump. Core dumps have been disabled. To enable core dumping, try "ulimit -c unlimited" before starting Java again
#

---------------  T H R E A D  ---------------

Current thread (0x00007f1d28065000):  VMThread [stack: 0x00007f1d1d6ff000,0x00007f1d1d800000] [id=4651]

Stack: [0x00007f1d1d6ff000,0x00007f1d1d800000],  sp=0x00007f1d1d7fe060,  free space=1020k
Native frames: (J=compiled Java code, j=interpreted, Vv=VM code, C=native code)
V  [libjvm.so+0x9a32da]  VMError::report_and_die()+0x2ea
V  [libjvm.so+0x497f7b]  report_vm_out_of_memory(char const*, int, unsigned long, char const*)+0x9b
V  [libjvm.so+0x81fcce]  os::Linux::commit_memory_impl(char*, unsigned long, bool)+0xfe
V  [libjvm.so+0x820219]  os::pd_commit_memory(char*, unsigned long, unsigned long, bool)+0x29
V  [libjvm.so+0x819faa]  os::commit_memory(char*, unsigned long, unsigned long, bool)+0x2a
V  [libjvm.so+0x88d863]  PSVirtualSpace::expand_by(unsigned long)+0x53
V  [libjvm.so+0x87ccc0]  PSOldGen::expand(unsigned long)+0x170
V  [libjvm.so+0x87cecb]  PSOldGen::resize(unsigned long)+0x1cb
V  [libjvm.so+0x885b91]  PSParallelCompact::invoke_no_policy(bool)+0x9b1
V  [libjvm.so+0x88bb0d]  PSScavenge::invoke()+0x1ad
V  [libjvm.so+0x842320]  ParallelScavengeHeap::failed_mem_allocate(unsigned long)+0x70
V  [libjvm.so+0x9a4b67]  VM_ParallelGCFailedAllocation::doit()+0x97
V  [libjvm.so+0x9ac005]  VM_Operation::evaluate()+0x55
V  [libjvm.so+0x9aa3ca]  VMThread::evaluate_operation(VM_Operation*)+0xba
V  [libjvm.so+0x9aa74e]  VMThread::loop()+0x1ce
V  [libjvm.so+0x9aabc0]  VMThread::run()+0x70
V  [libjvm.so+0x821ca8]  java_start(Thread*)+0x108

VM_Operation (0x00007f1cf5eb1530): ParallelGCFailedAllocation, mode: safepoint, requested by thread 0x00007f1d180f8000


---------------  P R O C E S S  ---------------

Java Threads: ( => current thread )
  0x00007f1d10065000 JavaThread "pool-736-thread-4" [_thread_blocked, id=11985, stack(0x00007f1cf4444000,0x00007f1cf4545000)]
  0x00007f1d1007a800 JavaThread "pool-737-thread-1" [_thread_blocked, id=11982, stack(0x00007f1cf5773000,0x00007f1cf5874000)]
  0x00007f1d180f8000 JavaThread "pool-688-thread-4" [_thread_blocked, id=11894, stack(0x00007f1cf5db2000,0x00007f1cf5eb3000)]
  0x00007f1d1810d000 JavaThread "pool-688-thread-3" [_thread_blocked, id=11893, stack(0x00007f1cf536f000,0x00007f1cf5470000)]
  0x00007f1d1810c800 JavaThread "pool-688-thread-2" [_thread_blocked, id=11892, stack(0x00007f1cf5672000,0x00007f1cf5773000)]
  0x00007f1d1816b000 JavaThread "pool-689-thread-1" [_thread_blocked, id=11891, stack(0x00007f1ce3eff000,0x00007f1ce4000000)]
  0x00007f1d18088800 JavaThread "pool-688-thread-1" [_thread_blocked, id=11890, stack(0x00007f1ce300d000,0x00007f1ce310e000)]
  0x00007f1ce802d800 JavaThread "process reaper" daemon [_thread_blocked, id=11809, stack(0x00007f1ce2fd4000,0x00007f1ce300d000)]
  0x00007f1ce4010000 JavaThread "process reaper" daemon [_thread_blocked, id=11806, stack(0x00007f1cf4df8000,0x00007f1cf4e31000)]
  0x0000000000fe8000 JavaThread "process reaper" daemon [_thread_blocked, id=11803, stack(0x00007f1ce26e8000,0x00007f1ce2721000)]
  0x00007f1cdc5bc800 JavaThread "process reaper" daemon [_thread_blocked, id=11800, stack(0x00007f1cf4949000,0x00007f1cf4982000)]
  0x00007f1d28551800 JavaThread "process reaper" daemon [_thread_blocked, id=11797, stack(0x00007f1cf5d79000,0x00007f1cf5db2000)]
  0x00007f1d04430800 JavaThread "process reaper" daemon [_thread_blocked, id=11784, stack(0x00007f1ce3714000,0x00007f1ce374d000)]
  0x00007f1cf82a4800 JavaThread "process reaper" daemon [_thread_blocked, id=11780, stack(0x00007f1cf6e40000,0x00007f1cf6e79000)]
  0x00007f1d10119000 JavaThread "process reaper" daemon [_thread_blocked, id=11774, stack(0x00007f1ce2d99000,0x00007f1ce2dd2000)]
  0x00007f1d08071800 JavaThread "process reaper" daemon [_thread_blocked, id=11769, stack(0x00007f1cf5fed000,0x00007f1cf6026000)]
  0x00007f1d1404d000 JavaThread "process reaper" daemon [_thread_blocked, id=11768, stack(0x00007f1cf4007000,0x00007f1cf4040000)]
  0x00007f1d00001000 JavaThread "process reaper" daemon [_thread_blocked, id=11759, stack(0x00007f1ce2923000,0x00007f1ce295c000)]
  0x00007f1d08050000 JavaThread "process reaper" daemon [_thread_blocked, id=11756, stack(0x00007f1ce3b8a000,0x00007f1ce3bc3000)]
  0x00007f1d0c00f800 JavaThread "process reaper" daemon [_thread_blocked, id=11753, stack(0x00007f1ce3dc5000,0x00007f1ce3dfe000)]
  0x00007f1d04386800 JavaThread "process reaper" daemon [_thread_blocked, id=11750, stack(0x00007f1cf5fb4000,0x00007f1cf5fed000)]
  0x00007f1cf81dd000 JavaThread "process reaper" daemon [_thread_blocked, id=11745, stack(0x00007f1cf4982000,0x00007f1cf49bb000)]
  0x00007f1cec011000 JavaThread "process reaper" daemon [_thread_blocked, id=11731, stack(0x00007f1cf5336000,0x00007f1cf536f000)]
  0x00007f1ce4012800 JavaThread "process reaper" daemon [_thread_blocked, id=11726, stack(0x00007f1cf6026000,0x00007f1cf605f000)]
  0x00007f1cf000b000 JavaThread "process reaper" daemon [_thread_blocked, id=11725, stack(0x00007f1cf4bbd000,0x00007f1cf4bf6000)]
  0x00007f1cf8555000 JavaThread "process reaper" daemon [_thread_blocked, id=11722, stack(0x00007f1ce394f000,0x00007f1ce3988000)]
  0x00007f1cfc005000 JavaThread "process reaper" daemon [_thread_blocked, id=11721, stack(0x00007f1ce2b5e000,0x00007f1ce2b97000)]
  0x00007f1d18088000 JavaThread "pool-656-thread-2" [_thread_blocked, id=11710, stack(0x00007f1ce295c000,0x00007f1ce2a5d000)]
  0x00007f1d18053800 JavaThread "pool-656-thread-1" [_thread_blocked, id=11709, stack(0x00007f1cf4040000,0x00007f1cf4141000)]
  0x00007f1d180fa800 JavaThread "Asynchronous log dispatcher for org.gradle.launcher.daemon.server.DefaultDaemonConnection@3e6720af" [_thread_blocked, id=11700, stack(0x00007f1cf6fe5000,0x00007f1cf70e6000)]
  0x00007f1ce801d000 JavaThread "Daemon worker Thread 17" [_thread_blocked, id=11697, stack(0x00007f1cf71e7000,0x00007f1cf72e8000)]
  0x00007f1ce8027800 JavaThread "Cancel handler" [_thread_blocked, id=11696, stack(0x00007f1cf72e8000,0x00007f1cf73e9000)]
  0x00007f1ce800c000 JavaThread "Handler for socket connection from /127.0.0.1:44871 to /127.0.0.1:47560" [_thread_in_native, id=11695, stack(0x00007f1cf73e9000,0x00007f1cf74ea000)]
  0x00007f1ce4012000 JavaThread "Daemon Thread 17" [_thread_blocked, id=11694, stack(0x00007f1cf70e6000,0x00007f1cf71e7000)]
  0x00007f1ce801a000 JavaThread "pool-3-thread-4" [_thread_blocked, id=6410, stack(0x00007f1ce3cc4000,0x00007f1ce3dc5000)]
  0x00007f1cdcc72800 JavaThread "pool-3-thread-3" [_thread_blocked, id=6409, stack(0x00007f1cf49bb000,0x00007f1cf4abc000)]
  0x0000000000fe6800 JavaThread "pool-3-thread-2" [_thread_blocked, id=6177, stack(0x00007f1cf6ee4000,0x00007f1cf6fe5000)]
  0x00007f1d0c006800 JavaThread "pool-3-thread-1" [_thread_blocked, id=4702, stack(0x00007f1cf68d7000,0x00007f1cf69d8000)]
  0x00007f1cdc66a800 JavaThread "File lock request listener" [_thread_in_native, id=4673, stack(0x00007f1cf6d3f000,0x00007f1cf6e40000)]
  0x00007f1d28728000 JavaThread "Incoming local TCP Connector on port 44871" [_thread_in_native, id=4660, stack(0x00007f1cf74f1000,0x00007f1cf75f2000)]
  0x00007f1d2871b000 JavaThread "pool-1-thread-1" [_thread_blocked, id=4659, stack(0x00007f1cf75f2000,0x00007f1cf76f3000)]
  0x00007f1d28094000 JavaThread "Service Thread" daemon [_thread_blocked, id=4657, stack(0x00007f1d1cca3000,0x00007f1d1cda4000)]
  0x00007f1d28092000 JavaThread "C2 CompilerThread1" daemon [_thread_blocked, id=4656, stack(0x00007f1d1cda4000,0x00007f1d1cea5000)]
  0x00007f1d2808f000 JavaThread "C2 CompilerThread0" daemon [_thread_blocked, id=4655, stack(0x00007f1d1cea5000,0x00007f1d1cfa6000)]
  0x00007f1d2808c800 JavaThread "Signal Dispatcher" daemon [_thread_blocked, id=4654, stack(0x00007f1d1cfa6000,0x00007f1d1d0a7000)]
  0x00007f1d2806b800 JavaThread "Finalizer" daemon [_thread_blocked, id=4653, stack(0x00007f1d1d4fd000,0x00007f1d1d5fe000)]
  0x00007f1d28069800 JavaThread "Reference Handler" daemon [_thread_blocked, id=4652, stack(0x00007f1d1d5fe000,0x00007f1d1d6ff000)]
  0x00007f1d2800a000 JavaThread "main" [_thread_blocked, id=4647, stack(0x00007f1d2e18a000,0x00007f1d2e28b000)]

Other Threads:
=>0x00007f1d28065000 VMThread [stack: 0x00007f1d1d6ff000,0x00007f1d1d800000] [id=4651]
  0x00007f1d2809e800 WatcherThread [stack: 0x00007f1d1cba2000,0x00007f1d1cca3000] [id=4658]

VM state:at safepoint (normal execution)

VM Mutex/Monitor currently owned by a thread:  ([mutex/lock_event])
[0x00007f1d28005d90] ExpandHeap_lock - owner thread: 0x00007f1d28065000
[0x00007f1d28006410] Threads_lock - owner thread: 0x00007f1d28065000
[0x00007f1d28006910] Heap_lock - owner thread: 0x00007f1d180f8000

Heap
 PSYoungGen      total 395776K, used 10821K [0x00000007d5500000, 0x0000000800000000, 0x0000000800000000)
  eden space 233472K, 0% used [0x00000007d5500000,0x00000007d5500000,0x00000007e3900000)
  from space 162304K, 6% used [0x00000007f6180000,0x00000007f6c115f0,0x0000000800000000)
  to   space 232960K, 0% used [0x00000007e3900000,0x00000007e3900000,0x00000007f1c80000)
 ParOldGen       total 320512K, used 320084K [0x0000000780000000, 0x0000000793900000, 0x00000007d5500000)
  object space 320512K, 99% used [0x0000000780000000,0x0000000793895270,0x0000000793900000)
 PSPermGen       total 62464K, used 61117K [0x0000000760000000, 0x0000000763d00000, 0x0000000780000000)
  object space 62464K, 97% used [0x0000000760000000,0x0000000763baf750,0x0000000763d00000)

Card table byte_map: [0x00007f1d23e79000,0x00007f1d2437a000] byte_map_base: 0x00007f1d20379000

Polling page: 0x00007f1d2e2a6000

Code Cache  [0x00007f1d2437a000, 0x00007f1d2551a000, 0x00007f1d2737a000)
 total_blobs=5328 nmethods=4660 adapters=620 free_code_cache=31385Kb largest_free_block=31913664

Compilation events (10 events):
Event: 8987,551 Thread 0x00007f1d2808f000 nmethod 5097 0x00007f1d254cab50 code [0x00007f1d254cad20, 0x00007f1d254cb4a8]
Event: 8987,551 Thread 0x00007f1d2808f000 5098             com.google.common.collect.ByFunctionOrdering::compare (28 bytes)
Event: 8987,566 Thread 0x00007f1d2808f000 nmethod 5098 0x00007f1d254b1b90 code [0x00007f1d254b1d20, 0x00007f1d254b2078]
Event: 8987,790 Thread 0x00007f1d2808f000 5099  s          java.io.ExpiringCache::get (39 bytes)
Event: 8987,795 Thread 0x00007f1d2808f000 nmethod 5099 0x00007f1d254cd490 code [0x00007f1d254cd5e0, 0x00007f1d254cda18]
Event: 8987,966 Thread 0x00007f1d2808f000 5100             com.android.builder.core.VariantConfiguration::getSubProjectLocalPackagedJars (112 bytes)
Event: 8988,008 Thread 0x00007f1d2808f000 nmethod 5100 0x00007f1d254b1090 code [0x00007f1d254b1220, 0x00007f1d254b1668]
Event: 8988,010 Thread 0x00007f1d2808f000 5101             com.google.common.base.Joiner::appendTo (73 bytes)
Event: 8988,422 Thread 0x00007f1d2808f000 nmethod 5101 0x00007f1d254f4250 code [0x00007f1d254f4500, 0x00007f1d254f55b0]
Event: 8988,462 Thread 0x00007f1d28092000 nmethod 5093% 0x00007f1d254f6b10 code [0x00007f1d254f7600, 0x00007f1d254fd708]

GC Heap History (10 events):
Event: 9001,652 GC heap after
Heap after GC invocations=133 (full 29):
 PSYoungGen      total 567808K, used 87539K [0x00000007d5500000, 0x0000000800000000, 0x0000000800000000)
  eden space 480256K, 0% used [0x00000007d5500000,0x00000007d5500000,0x00000007f2a00000)
  from space 87552K, 99% used [0x00000007faa80000,0x00000007ffffce68,0x0000000800000000)
  to   space 109568K, 0% used [0x00000007f2a00000,0x00000007f2a00000,0x00000007f9500000)
 ParOldGen       total 320512K, used 67280K [0x0000000780000000, 0x0000000793900000, 0x00000007d5500000)
  object space 320512K, 20% used [0x0000000780000000,0x00000007841b4220,0x0000000793900000)
 PSPermGen       total 62464K, used 61115K [0x0000000760000000, 0x0000000763d00000, 0x0000000780000000)
  object space 62464K, 97% used [0x0000000760000000,0x0000000763baedc0,0x0000000763d00000)
}
Event: 9004,931 GC heap before
{Heap before GC invocations=134 (full 29):
 PSYoungGen      total 567808K, used 567795K [0x00000007d5500000, 0x0000000800000000, 0x0000000800000000)
  eden space 480256K, 100% used [0x00000007d5500000,0x00000007f2a00000,0x00000007f2a00000)
  from space 87552K, 99% used [0x00000007faa80000,0x00000007ffffce68,0x0000000800000000)
  to   space 109568K, 0% used [0x00000007f2a00000,0x00000007f2a00000,0x00000007f9500000)
 ParOldGen       total 320512K, used 67280K [0x0000000780000000, 0x0000000793900000, 0x00000007d5500000)
  object space 320512K, 20% used [0x0000000780000000,0x00000007841b4220,0x0000000793900000)
 PSPermGen       total 62464K, used 61115K [0x0000000760000000, 0x0000000763d00000, 0x0000000780000000)
  object space 62464K, 97% used [0x0000000760000000,0x0000000763baedc0,0x0000000763d00000)
Event: 9006,625 GC heap after
Heap after GC invocations=134 (full 29):
 PSYoungGen      total 589824K, used 109551K [0x00000007d5500000, 0x0000000800000000, 0x0000000800000000)
  eden space 480256K, 0% used [0x00000007d5500000,0x00000007d5500000,0x00000007f2a00000)
  from space 109568K, 99% used [0x00000007f2a00000,0x00000007f94fbec0,0x00000007f9500000)
  to   space 109568K, 0% used [0x00000007f9500000,0x00000007f9500000,0x0000000800000000)
 ParOldGen       total 320512K, used 77419K [0x0000000780000000, 0x0000000793900000, 0x00000007d5500000)
  object space 320512K, 24% used [0x0000000780000000,0x0000000784b9ad20,0x0000000793900000)
 PSPermGen       total 62464K, used 61115K [0x0000000760000000, 0x0000000763d00000, 0x0000000780000000)
  object space 62464K, 97% used [0x0000000760000000,0x0000000763baedc0,0x0000000763d00000)
}
Event: 9011,705 GC heap before
{Heap before GC invocations=135 (full 29):
 PSYoungGen      total 589824K, used 589807K [0x00000007d5500000, 0x0000000800000000, 0x0000000800000000)
  eden space 480256K, 100% used [0x00000007d5500000,0x00000007f2a00000,0x00000007f2a00000)
  from space 109568K, 99% used [0x00000007f2a00000,0x00000007f94fbec0,0x00000007f9500000)
  to   space 109568K, 0% used [0x00000007f9500000,0x00000007f9500000,0x0000000800000000)
 ParOldGen       total 320512K, used 77419K [0x0000000780000000, 0x0000000793900000, 0x00000007d5500000)
  object space 320512K, 24% used [0x0000000780000000,0x0000000784b9ad20,0x0000000793900000)
 PSPermGen       total 62464K, used 61118K [0x0000000760000000, 0x0000000763d00000, 0x0000000780000000)
  object space 62464K, 97% used [0x0000000760000000,0x0000000763baf970,0x0000000763d00000)
Event: 9014,319 GC heap after
Heap after GC invocations=135 (full 29):
 PSYoungGen      total 484352K, used 109562K [0x00000007d5500000, 0x0000000800000000, 0x0000000800000000)
  eden space 374784K, 0% used [0x00000007d5500000,0x00000007d5500000,0x00000007ec300000)
  from space 109568K, 99% used [0x00000007f9500000,0x00000007ffffea50,0x0000000800000000)
  to   space 162304K, 0% used [0x00000007ec300000,0x00000007ec300000,0x00000007f6180000)
 ParOldGen       total 320512K, used 111682K [0x0000000780000000, 0x0000000793900000, 0x00000007d5500000)
  object space 320512K, 34% used [0x0000000780000000,0x0000000786d10a48,0x0000000793900000)
 PSPermGen       total 62464K, used 61118K [0x0000000760000000, 0x0000000763d00000, 0x0000000780000000)
  object space 62464K, 97% used [0x0000000760000000,0x0000000763baf970,0x0000000763d00000)
}
Event: 9016,207 GC heap before
{Heap before GC invocations=136 (full 29):
 PSYoungGen      total 484352K, used 484346K [0x00000007d5500000, 0x0000000800000000, 0x0000000800000000)
  eden space 374784K, 100% used [0x00000007d5500000,0x00000007ec300000,0x00000007ec300000)
  from space 109568K, 99% used [0x00000007f9500000,0x00000007ffffea50,0x0000000800000000)
  to   space 162304K, 0% used [0x00000007ec300000,0x00000007ec300000,0x00000007f6180000)
 ParOldGen       total 320512K, used 111682K [0x0000000780000000, 0x0000000793900000, 0x00000007d5500000)
  object space 320512K, 34% used [0x0000000780000000,0x0000000786d10a48,0x0000000793900000)
 PSPermGen       total 62464K, used 61118K [0x0000000760000000, 0x0000000763d00000, 0x0000000780000000)
  object space 62464K, 97% used [0x0000000760000000,0x0000000763baf970,0x0000000763d00000)
Event: 9019,116 GC heap after
Heap after GC invocations=136 (full 29):
 PSYoungGen      total 537088K, used 162290K [0x00000007d5500000, 0x0000000800000000, 0x0000000800000000)
  eden space 374784K, 0% used [0x00000007d5500000,0x00000007d5500000,0x00000007ec300000)
  from space 162304K, 99% used [0x00000007ec300000,0x00000007f617c9f8,0x00000007f6180000)
  to   space 162304K, 0% used [0x00000007f6180000,0x00000007f6180000,0x0000000800000000)
 ParOldGen       total 320512K, used 193099K [0x0000000780000000, 0x0000000793900000, 0x00000007d5500000)
  object space 320512K, 60% used [0x0000000780000000,0x000000078bc92f98,0x0000000793900000)
 PSPermGen       total 62464K, used 61118K [0x0000000760000000, 0x0000000763d00000, 0x0000000780000000)
  object space 62464K, 97% used [0x0000000760000000,0x0000000763baf970,0x0000000763d00000)
}
Event: 9020,796 GC heap before
{Heap before GC invocations=137 (full 29):
 PSYoungGen      total 537088K, used 537074K [0x00000007d5500000, 0x0000000800000000, 0x0000000800000000)
  eden space 374784K, 100% used [0x00000007d5500000,0x00000007ec300000,0x00000007ec300000)
  from space 162304K, 99% used [0x00000007ec300000,0x00000007f617c9f8,0x00000007f6180000)
  to   space 162304K, 0% used [0x00000007f6180000,0x00000007f6180000,0x0000000800000000)
 ParOldGen       total 320512K, used 193099K [0x0000000780000000, 0x0000000793900000, 0x00000007d5500000)
  object space 320512K, 60% used [0x0000000780000000,0x000000078bc92f98,0x0000000793900000)
 PSPermGen       total 62464K, used 61118K [0x0000000760000000, 0x0000000763d00000, 0x0000000780000000)
  object space 62464K, 97% used [0x0000000760000000,0x0000000763baf970,0x0000000763d00000)
Event: 9022,850 GC heap after
Heap after GC invocations=137 (full 29):
 PSYoungGen      total 395776K, used 156907K [0x00000007d5500000, 0x0000000800000000, 0x0000000800000000)
  eden space 233472K, 0% used [0x00000007d5500000,0x00000007d5500000,0x00000007e3900000)
  from space 162304K, 96% used [0x00000007f6180000,0x00000007ffabaf58,0x0000000800000000)
  to   space 232960K, 0% used [0x00000007e3900000,0x00000007e3900000,0x00000007f1c80000)
 ParOldGen       total 320512K, used 257055K [0x0000000780000000, 0x0000000793900000, 0x00000007d5500000)
  object space 320512K, 80% used [0x0000000780000000,0x000000078fb07d98,0x0000000793900000)
 PSPermGen       total 62464K, used 61118K [0x0000000760000000, 0x0000000763d00000, 0x0000000780000000)
  object space 62464K, 97% used [0x0000000760000000,0x0000000763baf970,0x0000000763d00000)
}
Event: 9022,852 GC heap before
{Heap before GC invocations=138 (full 30):
 PSYoungGen      total 395776K, used 156907K [0x00000007d5500000, 0x0000000800000000, 0x0000000800000000)
  eden space 233472K, 0% used [0x00000007d5500000,0x00000007d5500000,0x00000007e3900000)
  from space 162304K, 96% used [0x00000007f6180000,0x00000007ffabaf58,0x0000000800000000)
  to   space 232960K, 0% used [0x00000007e3900000,0x00000007e3900000,0x00000007f1c80000)
 ParOldGen       total 320512K, used 257055K [0x0000000780000000, 0x0000000793900000, 0x00000007d5500000)
  object space 320512K, 80% used [0x0000000780000000,0x000000078fb07d98,0x0000000793900000)
 PSPermGen       total 62464K, used 61118K [0x0000000760000000, 0x0000000763d00000, 0x0000000780000000)
  object space 62464K, 97% used [0x0000000760000000,0x0000000763baf970,0x0000000763d00000)

Deoptimization events (10 events):
Event: 8369,492 Thread 0x00007f1ce8024800 Uncommon trap: reason=bimorphic action=maybe_recompile pc=0x00007f1d25336ab4 method=com.android.build.gradle.internal.incremental.StringSwitch.visitClassifier(Lorg/objectweb/asm/commons/GeneratorAdapter;Ljava/util/Set;)V @ 1
Event: 8439,425 Thread 0x00007f1ce8027800 Uncommon trap: reason=null_check action=make_not_entrant pc=0x00007f1d25442000 method=org.gradle.api.internal.collections.CollectionFilter.filter(Ljava/lang/Object;)Ljava/lang/Object; @ 5
Event: 8444,645 Thread 0x00007f1ce8027800 Uncommon trap: reason=null_check action=make_not_entrant pc=0x00007f1d248d2114 method=java.lang.ThreadLocal$ThreadLocalMap.getEntryAfterMiss(Ljava/lang/ThreadLocal;ILjava/lang/ThreadLocal$ThreadLocalMap$Entry;)Ljava/lang/ThreadLocal$ThreadLocalMap$Entry; 
Event: 8953,757 Thread 0x00007f1ce801d000 Uncommon trap: reason=class_check action=maybe_recompile pc=0x00007f1d24a2555c method=org.gradle.api.internal.file.collections.DefaultFileCollectionResolveContext.doResolve(Lorg/gradle/api/internal/file/collections/DefaultFileCollectionResolveContext$Conv
Event: 8955,210 Thread 0x00007f1ce801d000 Uncommon trap: reason=null_check action=make_not_entrant pc=0x00007f1d24dd1b30 method=org.codehaus.groovy.reflection.ClassInfo.getWeakMetaClass()Lgroovy/lang/MetaClass; @ 17
Event: 8984,884 Thread 0x00007f1ce801d000 Uncommon trap: reason=unreached action=reinterpret pc=0x00007f1d24d62c74 method=com.sun.tools.javac.code.Scope.remove(Lcom/sun/tools/javac/code/Symbol;)V @ 165
Event: 8985,030 Thread 0x00007f1ce801d000 Uncommon trap: reason=unreached action=reinterpret pc=0x00007f1d249d7c64 method=com.sun.tools.javac.jvm.Pool.put(Ljava/lang/Object;)I @ 116
Event: 8985,035 Thread 0x00007f1ce801d000 Uncommon trap: reason=unreached action=reinterpret pc=0x00007f1d2532bc20 method=com.sun.tools.javac.jvm.ClassWriter.writePool(Lcom/sun/tools/javac/jvm/Pool;)V @ 513
Event: 8987,159 Thread 0x00007f1ce801d000 Uncommon trap: reason=unloaded action=reinterpret pc=0x00007f1d2545ba8c method=org.objectweb.asm.ClassReader.readConst(I[C)Ljava/lang/Object; @ 113
Event: 8987,721 Thread 0x00007f1ce801d000 Uncommon trap: reason=class_check action=maybe_recompile pc=0x00007f1d24d077b8 method=com.sun.org.apache.xerces.internal.dom.ElementImpl.getAttribute(Ljava/lang/String;)Ljava/lang/String; @ 8

Internal exceptions (10 events):
Event: 8945,821 Thread 0x00007f1ce801d000 Threw 0x00000007d5f92860 at /HUDSON/workspace/7u-2-build-linux-amd64/jdk7u79/2331/hotspot/src/share/vm/prims/jvm.cpp:1304
Event: 8945,821 Thread 0x00007f1ce801d000 Threw 0x00000007d5f935f0 at /HUDSON/workspace/7u-2-build-linux-amd64/jdk7u79/2331/hotspot/src/share/vm/prims/jvm.cpp:1304
Event: 8945,821 Thread 0x00007f1ce801d000 Threw 0x00000007d5f9bf78 at /HUDSON/workspace/7u-2-build-linux-amd64/jdk7u79/2331/hotspot/src/share/vm/prims/jvm.cpp:1304
Event: 8945,822 Thread 0x00007f1ce801d000 Threw 0x00000007d5f9fd78 at /HUDSON/workspace/7u-2-build-linux-amd64/jdk7u79/2331/hotspot/src/share/vm/prims/jvm.cpp:1304
Event: 8945,825 Thread 0x00007f1ce801d000 Threw 0x00000007d5fa5380 at /HUDSON/workspace/7u-2-build-linux-amd64/jdk7u79/2331/hotspot/src/share/vm/prims/jvm.cpp:1304
Event: 8945,825 Thread 0x00007f1ce801d000 Threw 0x00000007d5fa63c8 at /HUDSON/workspace/7u-2-build-linux-amd64/jdk7u79/2331/hotspot/src/share/vm/prims/jvm.cpp:1304
Event: 8945,825 Thread 0x00007f1ce801d000 Threw 0x00000007d5fafd40 at /HUDSON/workspace/7u-2-build-linux-amd64/jdk7u79/2331/hotspot/src/share/vm/prims/jvm.cpp:1304
Event: 8955,211 Thread 0x00007f1ce801d000 Threw 0x00000007df7b0018 at /HUDSON/workspace/7u-2-build-linux-amd64/jdk7u79/2331/hotspot/src/share/vm/prims/jvm.cpp:1304
Event: 8955,211 Thread 0x00007f1ce801d000 Threw 0x00000007df7b0ea8 at /HUDSON/workspace/7u-2-build-linux-amd64/jdk7u79/2331/hotspot/src/share/vm/prims/jvm.cpp:1304
Event: 8955,212 Thread 0x00007f1ce801d000 Threw 0x00000007df7b87d8 at /HUDSON/workspace/7u-2-build-linux-amd64/jdk7u79/2331/hotspot/src/share/vm/prims/jvm.cpp:1304

Events (10 events):
Event: 9020,132 Thread 0x00007f1cdcada800 Thread exited: 0x00007f1cdcada800
Event: 9020,203 Thread 0x00007f1d1007a000 Thread added: 0x00007f1d1007a000
Event: 9020,211 Thread 0x00007f1d1007a800 Thread added: 0x00007f1d1007a800
Event: 9020,227 Thread 0x00007f1d100e8800 Thread added: 0x00007f1d100e8800
Event: 9020,235 Thread 0x00007f1d100e9800 Thread added: 0x00007f1d100e9800
Event: 9020,243 Thread 0x00007f1d10065000 Thread added: 0x00007f1d10065000
Event: 9020,504 Thread 0x00007f1d1007a000 Thread exited: 0x00007f1d1007a000
Event: 9020,505 Thread 0x00007f1d100e8800 Thread exited: 0x00007f1d100e8800
Event: 9020,535 Thread 0x00007f1d100e9800 Thread exited: 0x00007f1d100e9800
Event: 9020,773 Executing VM operation: ParallelGCFailedAllocation


Dynamic libraries:
00400000-00401000 r-xp 00000000 08:01 6817790                            /usr/local/java/jdk1.7.0_79/bin/java
00600000-00601000 rw-p 00000000 08:01 6817790                            /usr/local/java/jdk1.7.0_79/bin/java
00fe4000-01005000 rw-p 00000000 00:00 0                                  [heap]
760000000-763d00000 rw-p 00000000 00:00 0 
763d00000-765580000 ---p 00000000 00:00 0 
765580000-780000000 rw-p 00000000 00:00 0 
780000000-793900000 rw-p 00000000 00:00 0 
79e380000-79ef80000 ---p 00000000 00:00 0 
79ef80000-7d5500000 rw-p 00000000 00:00 0 
7d5500000-800000000 rw-p 00000000 00:00 0 
7f1cdc000000-7f1cdce74000 rw-p 00000000 00:00 0 
7f1cdce74000-7f1ce0000000 ---p 00000000 00:00 0 
7f1ce22e4000-7f1ce22e7000 ---p 00000000 00:00 0 
7f1ce22e7000-7f1ce23e5000 rw-p 00000000 00:00 0 
7f1ce23e5000-7f1ce23e8000 ---p 00000000 00:00 0 
7f1ce23e8000-7f1ce24e6000 rw-p 00000000 00:00 0 
7f1ce24e6000-7f1ce24e9000 ---p 00000000 00:00 0 
7f1ce24e9000-7f1ce25e7000 rw-p 00000000 00:00 0 
7f1ce25e7000-7f1ce25ea000 ---p 00000000 00:00 0 
7f1ce25ea000-7f1ce26e8000 rw-p 00000000 00:00 0 
7f1ce26e8000-7f1ce26eb000 ---p 00000000 00:00 0 
7f1ce26eb000-7f1ce2721000 rw-p 00000000 00:00 0 
7f1ce2721000-7f1ce2724000 ---p 00000000 00:00 0 
7f1ce2724000-7f1ce2822000 rw-p 00000000 00:00 0 
7f1ce2923000-7f1ce2926000 ---p 00000000 00:00 0 
7f1ce2926000-7f1ce295c000 rw-p 00000000 00:00 0 
7f1ce295c000-7f1ce295f000 ---p 00000000 00:00 0 
7f1ce295f000-7f1ce2a5d000 rw-p 00000000 00:00 0 
7f1ce2b5e000-7f1ce2b61000 ---p 00000000 00:00 0 
7f1ce2b61000-7f1ce2b97000 rw-p 00000000 00:00 0 
7f1ce2b97000-7f1ce2b9a000 ---p 00000000 00:00 0 
7f1ce2b9a000-7f1ce2c98000 rw-p 00000000 00:00 0 
7f1ce2c98000-7f1ce2c9b000 ---p 00000000 00:00 0 
7f1ce2c9b000-7f1ce2d99000 rw-p 00000000 00:00 0 
7f1ce2d99000-7f1ce2d9c000 ---p 00000000 00:00 0 
7f1ce2d9c000-7f1ce2dd2000 rw-p 00000000 00:00 0 
7f1ce2dd2000-7f1ce2dd5000 ---p 00000000 00:00 0 
7f1ce2dd5000-7f1ce2ed3000 rw-p 00000000 00:00 0 
7f1ce2fd4000-7f1ce2fd7000 ---p 00000000 00:00 0 
7f1ce2fd7000-7f1ce300d000 rw-p 00000000 00:00 0 
7f1ce300d000-7f1ce3010000 ---p 00000000 00:00 0 
7f1ce3010000-7f1ce310e000 rw-p 00000000 00:00 0 
7f1ce310e000-7f1ce3111000 ---p 00000000 00:00 0 
7f1ce3111000-7f1ce320f000 rw-p 00000000 00:00 0 
7f1ce320f000-7f1ce3212000 ---p 00000000 00:00 0 
7f1ce3212000-7f1ce3310000 rw-p 00000000 00:00 0 
7f1ce3310000-7f1ce3313000 ---p 00000000 00:00 0 
7f1ce3313000-7f1ce3411000 rw-p 00000000 00:00 0 
7f1ce3411000-7f1ce3414000 ---p 00000000 00:00 0 
7f1ce3414000-7f1ce3512000 rw-p 00000000 00:00 0 
7f1ce3512000-7f1ce3515000 ---p 00000000 00:00 0 
7f1ce3515000-7f1ce3613000 rw-p 00000000 00:00 0 
7f1ce3613000-7f1ce3616000 ---p 00000000 00:00 0 
7f1ce3616000-7f1ce3714000 rw-p 00000000 00:00 0 
7f1ce3714000-7f1ce3717000 ---p 00000000 00:00 0 
7f1ce3717000-7f1ce374d000 rw-p 00000000 00:00 0 
7f1ce394f000-7f1ce3952000 ---p 00000000 00:00 0 
7f1ce3952000-7f1ce3988000 rw-p 00000000 00:00 0 
7f1ce3b8a000-7f1ce3b8d000 ---p 00000000 00:00 0 
7f1ce3b8d000-7f1ce3bc3000 rw-p 00000000 00:00 0 
7f1ce3cc4000-7f1ce3cc7000 ---p 00000000 00:00 0 
7f1ce3cc7000-7f1ce3dc5000 rw-p 00000000 00:00 0 
7f1ce3dc5000-7f1ce3dc8000 ---p 00000000 00:00 0 
7f1ce3dc8000-7f1ce3dfe000 rw-p 00000000 00:00 0 
7f1ce3dfe000-7f1ce3e01000 ---p 00000000 00:00 0 
7f1ce3e01000-7f1ce3eff000 rw-p 00000000 00:00 0 
7f1ce3eff000-7f1ce3f02000 ---p 00000000 00:00 0 
7f1ce3f02000-7f1ce4000000 rw-p 00000000 00:00 0 
7f1ce4000000-7f1ce406d000 rw-p 00000000 00:00 0 
7f1ce406d000-7f1ce8000000 ---p 00000000 00:00 0 
7f1ce8000000-7f1ce804c000 rw-p 00000000 00:00 0 
7f1ce804c000-7f1cec000000 ---p 00000000 00:00 0 
7f1cec000000-7f1cec070000 rw-p 00000000 00:00 0 
7f1cec070000-7f1cf0000000 ---p 00000000 00:00 0 
7f1cf0000000-7f1cf0021000 rw-p 00000000 00:00 0 
7f1cf0021000-7f1cf4000000 ---p 00000000 00:00 0 
7f1cf4007000-7f1cf400a000 ---p 00000000 00:00 0 
7f1cf400a000-7f1cf4040000 rw-p 00000000 00:00 0 
7f1cf4040000-7f1cf4043000 ---p 00000000 00:00 0 
7f1cf4043000-7f1cf4141000 rw-p 00000000 00:00 0 
7f1cf4141000-7f1cf4144000 ---p 00000000 00:00 0 
7f1cf4144000-7f1cf4242000 rw-p 00000000 00:00 0 
7f1cf4343000-7f1cf4346000 ---p 00000000 00:00 0 
7f1cf4346000-7f1cf4444000 rw-p 00000000 00:00 0 
7f1cf4444000-7f1cf4447000 ---p 00000000 00:00 0 
7f1cf4447000-7f1cf4545000 rw-p 00000000 00:00 0 
7f1cf4545000-7f1cf4548000 ---p 00000000 00:00 0 
7f1cf4548000-7f1cf4646000 rw-p 00000000 00:00 0 
7f1cf4646000-7f1cf4649000 ---p 00000000 00:00 0 
7f1cf4649000-7f1cf4747000 rw-p 00000000 00:00 0 
7f1cf4747000-7f1cf474a000 ---p 00000000 00:00 0 
7f1cf474a000-7f1cf4848000 rw-p 00000000 00:00 0 
7f1cf4848000-7f1cf484b000 ---p 00000000 00:00 0 
7f1cf484b000-7f1cf4949000 rw-p 00000000 00:00 0 
7f1cf4949000-7f1cf494c000 ---p 00000000 00:00 0 
7f1cf494c000-7f1cf4982000 rw-p 00000000 00:00 0 
7f1cf4982000-7f1cf4985000 ---p 00000000 00:00 0 
7f1cf4985000-7f1cf49bb000 rw-p 00000000 00:00 0 
7f1cf49bb000-7f1cf49be000 ---p 00000000 00:00 0 
7f1cf49be000-7f1cf4abc000 rw-p 00000000 00:00 0 
7f1cf4bbd000-7f1cf4bc0000 ---p 00000000 00:00 0 
7f1cf4bc0000-7f1cf4bf6000 rw-p 00000000 00:00 0 
7f1cf4bf6000-7f1cf4bf9000 ---p 00000000 00:00 0 
7f1cf4bf9000-7f1cf4cf7000 rw-p 00000000 00:00 0 
7f1cf4df8000-7f1cf4dfb000 ---p 00000000 00:00 0 
7f1cf4dfb000-7f1cf4e31000 rw-p 00000000 00:00 0 
7f1cf5033000-7f1cf5036000 ---p 00000000 00:00 0 
7f1cf5036000-7f1cf5134000 rw-p 00000000 00:00 0 
7f1cf5235000-7f1cf5238000 ---p 00000000 00:00 0 
7f1cf5238000-7f1cf5336000 rw-p 00000000 00:00 0 
7f1cf5336000-7f1cf5339000 ---p 00000000 00:00 0 
7f1cf5339000-7f1cf536f000 rw-p 00000000 00:00 0 
7f1cf536f000-7f1cf5372000 ---p 00000000 00:00 0 
7f1cf5372000-7f1cf5470000 rw-p 00000000 00:00 0 
7f1cf5470000-7f1cf5473000 ---p 00000000 00:00 0 
7f1cf5473000-7f1cf5571000 rw-p 00000000 00:00 0 
7f1cf5672000-7f1cf5675000 ---p 00000000 00:00 0 
7f1cf5675000-7f1cf5773000 rw-p 00000000 00:00 0 
7f1cf5773000-7f1cf5776000 ---p 00000000 00:00 0 
7f1cf5776000-7f1cf5874000 rw-p 00000000 00:00 0 
7f1cf5874000-7f1cf5877000 ---p 00000000 00:00 0 
7f1cf5877000-7f1cf5975000 rw-p 00000000 00:00 0 
7f1cf5975000-7f1cf5978000 ---p 00000000 00:00 0 
7f1cf5978000-7f1cf5a76000 rw-p 00000000 00:00 0 
7f1cf5d79000-7f1cf5d7c000 ---p 00000000 00:00 0 
7f1cf5d7c000-7f1cf5db2000 rw-p 00000000 00:00 0 
7f1cf5db2000-7f1cf5db5000 ---p 00000000 00:00 0 
7f1cf5db5000-7f1cf5eb3000 rw-p 00000000 00:00 0 
7f1cf5fb4000-7f1cf5fb7000 ---p 00000000 00:00 0 
7f1cf5fb7000-7f1cf5fed000 rw-p 00000000 00:00 0 
7f1cf5fed000-7f1cf5ff0000 ---p 00000000 00:00 0 
7f1cf5ff0000-7f1cf6026000 rw-p 00000000 00:00 0 
7f1cf6026000-7f1cf6029000 ---p 00000000 00:00 0 
7f1cf6029000-7f1cf605f000 rw-p 00000000 00:00 0 
7f1cf6160000-7f1cf617f000 r--p 00000000 08:01 4721134                    /usr/share/locale-langpack/da/LC_MESSAGES/libc.mo
7f1cf617f000-7f1cf6182000 ---p 00000000 00:00 0 
7f1cf6182000-7f1cf6280000 rw-p 00000000 00:00 0 
7f1cf6280000-7f1cf6283000 ---p 00000000 00:00 0 
7f1cf6283000-7f1cf6381000 rw-p 00000000 00:00 0 
7f1cf6381000-7f1cf6384000 ---p 00000000 00:00 0 
7f1cf6384000-7f1cf6482000 rw-p 00000000 00:00 0 
7f1cf6482000-7f1cf6485000 ---p 00000000 00:00 0 
7f1cf6485000-7f1cf6583000 rw-p 00000000 00:00 0 
7f1cf6583000-7f1cf6587000 r--s 0002d000 08:01 6816417                    /usr/local/java/jdk1.7.0_79/jre/lib/ext/sunjce_provider.jar
7f1cf6587000-7f1cf65b9000 r-xp 00000000 08:01 6815792                    /usr/local/java/jdk1.7.0_79/jre/lib/amd64/libsunec.so
7f1cf65b9000-7f1cf67b8000 ---p 00032000 08:01 6815792                    /usr/local/java/jdk1.7.0_79/jre/lib/amd64/libsunec.so
7f1cf67b8000-7f1cf67be000 rw-p 00031000 08:01 6815792                    /usr/local/java/jdk1.7.0_79/jre/lib/amd64/libsunec.so
7f1cf67be000-7f1cf67ce000 rw-p 00000000 00:00 0 
7f1cf67ce000-7f1cf67d2000 r--s 00037000 08:01 6816416                    /usr/local/java/jdk1.7.0_79/jre/lib/ext/sunpkcs11.jar
7f1cf67d2000-7f1cf67d5000 r--s 00019000 08:01 6816384                    /usr/local/java/jdk1.7.0_79/jre/lib/jce.jar
7f1cf68a3000-7f1cf68b4000 r--s 000bc000 08:01 919798                     /home/macallan/AndroidStudioProjects/WearbleStockQuotes/mobile/build/intermediates/exploded-aar/com.google.android.gms/play-services-ads/9.4.0/jars/classes.jar
7f1cf68d6000-7f1cf68d7000 r--s 00003000 08:01 6816415                    /usr/local/java/jdk1.7.0_79/jre/lib/ext/sunec.jar
7f1cf68d7000-7f1cf68da000 ---p 00000000 00:00 0 
7f1cf68da000-7f1cf69d8000 rw-p 00000000 00:00 0 
7f1cf69d8000-7f1cf69db000 ---p 00000000 00:00 0 
7f1cf69db000-7f1cf6ad9000 rw-p 00000000 00:00 0 
7f1cf6ad9000-7f1cf6adc000 ---p 00000000 00:00 0 
7f1cf6adc000-7f1cf6bda000 rw-p 00000000 00:00 0 
7f1cf6bda000-7f1cf6be4000 r--s 00253000 08:01 6815858                    /usr/local/java/jdk1.7.0_79/jre/lib/resources.jar
7f1cf6be4000-7f1cf6be6000 r--s 00005000 08:01 657300                     /home/macallan/android-studio/gradle/m2repository/org/abego/treelayout/org.abego.treelayout.core/1.0.1/org.abego.treelayout.core-1.0.1.jar
7f1cf6be6000-7f1cf6bee000 r--s 000a8000 08:01 657467                     /home/macallan/android-studio/gradle/m2repository/com/android/tools/external/lombok/lombok-ast/0.2.3/lombok-ast-0.2.3.jar
7f1cf6bee000-7f1cf6bf0000 r--s 0000d000 08:01 657724                     /home/macallan/android-studio/gradle/m2repository/commons-codec/commons-codec/1.4/commons-codec-1.4.jar
7f1cf6bf0000-7f1cf6bf2000 r--s 0000d000 08:01 657134                     /home/macallan/android-studio/gradle/m2repository/commons-logging/commons-logging/1.1.1/commons-logging-1.1.1.jar
7f1cf6bf2000-7f1cf6bf7000 r--s 00028000 08:01 657212                     /home/macallan/android-studio/gradle/m2repository/org/apache/httpcomponents/httpcore/4.1/httpcore-4.1.jar
7f1cf6bf7000-7f1cf6bf8000 r--s 00004000 08:01 657678                     /home/macallan/android-studio/gradle/m2repository/com/intellij/annotations/12.0/annotations-12.0.jar
7f1cf6bf8000-7f1cf6bfc000 r--s 00037000 08:01 657279                     /home/macallan/android-studio/gradle/m2repository/org/antlr/ST4/4.0.8/ST4-4.0.8.jar
7f1cf6bfc000-7f1cf6bff000 r--s 00026000 08:01 657293                     /home/macallan/android-studio/gradle/m2repository/org/antlr/antlr-runtime/3.5.2/antlr-runtime-3.5.2.jar
7f1cf6bff000-7f1cf6c00000 r--s 00002000 08:01 657376                     /home/macallan/android-studio/gradle/m2repository/com/tunnelvisionlabs/antlr4-annotations/4.5/antlr4-annotations-4.5.jar
7f1cf6c00000-7f1cf6c07000 r--s 00062000 08:01 657363                     /home/macallan/android-studio/gradle/m2repository/com/tunnelvisionlabs/antlr4-runtime/4.5/antlr4-runtime-4.5.jar
7f1cf6c07000-7f1cf6c08000 r--s 00004000 08:01 657311                     /home/macallan/android-studio/gradle/m2repository/org/ow2/asm/asm-analysis/5.0.3/asm-analysis-5.0.3.jar
7f1cf6c08000-7f1cf6c0b000 r--s 00030000 08:01 657445                     /home/macallan/android-studio/gradle/m2repository/com/android/tools/lint/lint-api/25.1.3/lint-api-25.1.3.jar
7f1cf6c0b000-7f1cf6c0c000 r--s 0000a000 08:01 657716                     /home/macallan/android-studio/gradle/m2repository/net/sf/kxml/kxml2/2.3.0/kxml2-2.3.0.jar
7f1cf6c0c000-7f1cf6c0e000 r--s 00005000 08:01 657205                     /home/macallan/android-studio/gradle/m2repository/org/apache/httpcomponents/httpmime/4.1/httpmime-4.1.jar
7f1cf6c0e000-7f1cf6c16000 r--s 0004e000 08:01 657221                     /home/macallan/android-studio/gradle/m2repository/org/apache/httpcomponents/httpclient/4.1.1/httpclient-4.1.1.jar
7f1cf6c16000-7f1cf6c1d000 r--s 00053000 08:01 657229                     /home/macallan/android-studio/gradle/m2repository/org/apache/commons/commons-compress/1.8.1/commons-compress-1.8.1.jar
7f1cf6c1d000-7f1cf6c22000 r--s 0002a000 08:01 657401                     /home/macallan/android-studio/gradle/m2repository/com/google/code/gson/gson/2.2.4/gson-2.2.4.jar
7f1cf6c22000-7f1cf6c26000 r--s 00026000 08:01 657426                     /home/macallan/android-studio/gradle/m2repository/com/android/tools/repository/25.1.3/repository-25.1.3.jar
7f1cf6c26000-7f1cf6c27000 r--s 00005000 08:01 657125                     /home/macallan/android-studio/gradle/m2repository/com/android/tools/dvlib/25.1.3/dvlib-25.1.3.jar
7f1cf6c27000-7f1cf6c2a000 r--s 00014000 08:01 657103                     /home/macallan/android-studio/gradle/m2repository/com/android/tools/layoutlib/layoutlib-api/25.1.3/layoutlib-api-25.1.3.jar
7f1cf6c2a000-7f1cf6c2f000 r--s 00058000 08:01 657022                     /home/macallan/android-studio/gradle/m2repository/org/ow2/asm/asm-debug-all/5.0.4/asm-debug-all-5.0.4.jar
7f1cf6c2f000-7f1cf6c3f000 r--s 000d6000 08:01 657691                     /home/macallan/android-studio/gradle/m2repository/net/sf/proguard/proguard-base/5.2.1/proguard-base-5.2.1.jar
7f1cf6c3f000-7f1cf6c42000 r--s 00033000 08:01 657383                     /home/macallan/android-studio/gradle/m2repository/com/googlecode/juniversalchardet/juniversalchardet/1.0.3/juniversalchardet-1.0.3.jar
7f1cf6c42000-7f1cf6c46000 r--s 0002a000 08:01 657141                     /home/macallan/android-studio/gradle/m2repository/commons-io/commons-io/2.4/commons-io-2.4.jar
7f1cf6c46000-7f1cf6c50000 r--s 00099000 08:01 657370                     /home/macallan/android-studio/gradle/m2repository/com/tunnelvisionlabs/antlr4/4.5/antlr4-4.5.jar
7f1cf6c50000-7f1cf6c51000 r--s 00002000 08:01 657032                     /home/macallan/android-studio/gradle/m2repository/com/android/databinding/baseLibrary/2.1.3/baseLibrary-2.1.3.jar
7f1cf6c51000-7f1cf6c7c000 r--s 001f9000 08:01 657408                     /home/macallan/android-studio/gradle/m2repository/com/google/guava/guava/17.0/guava-17.0.jar
7f1cf6c7c000-7f1cf6c7d000 r--s 00001000 08:01 657049                     /home/macallan/android-studio/gradle/m2repository/com/android/tools/annotations/25.1.3/annotations-25.1.3.jar
7f1cf6c7d000-7f1cf6c8f000 r--s 00223000 08:01 657153                     /home/macallan/android-studio/gradle/m2repository/org/eclipse/jdt/core/compiler/ecj/4.4.2/ecj-4.4.2.jar
7f1cf6c8f000-7f1cf6c96000 r--s 000be000 08:01 657432                     /home/macallan/android-studio/gradle/m2repository/com/android/tools/lint/lint-checks/25.1.3/lint-checks-25.1.3.jar
7f1cf6c96000-7f1cf6c98000 r--s 00006000 08:01 657341                     /home/macallan/android-studio/gradle/m2repository/org/ow2/asm/asm-tree/5.0.3/asm-tree-5.0.3.jar
7f1cf6c98000-7f1cf6ccb000 r--s 00203000 08:01 657266                     /home/macallan/android-studio/gradle/m2repository/org/bouncycastle/bcprov-jdk15on/1.48/bcprov-jdk15on-1.48.jar
7f1cf6ccb000-7f1cf6cd9000 r--s 00081000 08:01 657260                     /home/macallan/android-studio/gradle/m2repository/org/bouncycastle/bcpkix-jdk15on/1.48/bcpkix-jdk15on-1.48.jar
7f1cf6cd9000-7f1cf6cdb000 r--s 00002000 08:01 657390                     /home/macallan/android-studio/gradle/m2repository/com/squareup/javawriter/2.5.0/javawriter-2.5.0.jar
7f1cf6cdb000-7f1cf6cdc000 r--s 00001000 08:01 657109                     /home/macallan/android-studio/gradle/m2repository/com/android/tools/jill/jill-api/0.10.0/jill-api-0.10.0.jar
7f1cf6cdc000-7f1cf6cde000 r--s 00003000 08:01 657459                     /home/macallan/android-studio/gradle/m2repository/com/android/tools/jack/jack-api/0.10.0/jack-api-0.10.0.jar
7f1cf6cde000-7f1cf6ce4000 r--s 0004a000 08:01 657119                     /home/macallan/android-studio/gradle/m2repository/com/android/tools/ddms/ddmlib/25.1.3/ddmlib-25.1.3.jar
7f1cf6ce4000-7f1cf6ce7000 r--s 00028000 08:01 657080                     /home/macallan/android-studio/gradle/m2repository/com/android/tools/build/manifest-merger/25.1.3/manifest-merger-25.1.3.jar
7f1cf6ce7000-7f1cf6ce9000 r--s 00018000 08:01 657461                     /home/macallan/android-studio/gradle/m2repository/com/android/tools/common/25.1.3/common-25.1.3.jar
7f1cf6ce9000-7f1cf6cf1000 r--s 0007c000 08:01 657112                     /home/macallan/android-studio/gradle/m2repository/com/android/tools/sdk-common/25.1.3/sdk-common-25.1.3.jar
7f1cf6cf1000-7f1cf6cf9000 r--s 00078000 08:01 657452                     /home/macallan/android-studio/gradle/m2repository/com/android/tools/sdklib/25.1.3/sdklib-25.1.3.jar
7f1cf6cf9000-7f1cf6cfa000 r--s 00002000 08:01 657067                     /home/macallan/android-studio/gradle/m2repository/com/android/tools/build/builder-test-api/2.1.3/builder-test-api-2.1.3.jar
7f1cf6cfa000-7f1cf6cfc000 r--s 00005000 08:01 657091                     /home/macallan/android-studio/gradle/m2repository/com/android/tools/build/builder-model/2.1.3/builder-model-2.1.3.jar
7f1cf6cfc000-7f1cf6d00000 r--s 0001e000 08:01 657026                     /home/macallan/android-studio/gradle/m2repository/org/jacoco/org.jacoco.core/0.7.6.201602180812/org.jacoco.core-0.7.6.201602180812.jar
7f1cf6d00000-7f1cf6d01000 r--s 00002000 08:01 657702                     /home/macallan/android-studio/gradle/m2repository/net/sf/proguard/proguard-gradle/5.2.1/proguard-gradle-5.2.1.jar
7f1cf6d01000-7f1cf6d03000 r--s 00009000 08:01 657354                     /home/macallan/android-studio/gradle/m2repository/org/ow2/asm/asm-commons/5.0.3/asm-commons-5.0.3.jar
7f1cf6d03000-7f1cf6d04000 r--s 0000c000 08:01 657323                     /home/macallan/android-studio/gradle/m2repository/org/ow2/asm/asm/5.0.3/asm-5.0.3.jar
7f1cf6d04000-7f1cf6d08000 r--s 0002b000 08:01 657043                     /home/macallan/android-studio/gradle/m2repository/com/android/databinding/compilerCommon/2.1.3/compilerCommon-2.1.3.jar
7f1cf6d08000-7f1cf6d09000 r--s 00002000 08:01 657073                     /home/macallan/android-studio/gradle/m2repository/com/android/tools/build/gradle-api/2.1.3/gradle-api-2.1.3.jar
7f1cf6d09000-7f1cf6d0a000 r--s 00000000 08:01 657481                     /home/macallan/android-studio/gradle/m2repository/com/android/tools/build/transform-api/2.0.0-deprecated-use-gradle-api/transform-api-2.0.0-deprecated-use-gradle-api.jar
7f1cf6d0a000-7f1cf6d0c000 r--s 00023000 08:01 657439                     /home/macallan/android-studio/gradle/m2repository/com/android/tools/lint/lint/25.1.3/lint-25.1.3.jar
7f1cf6d0c000-7f1cf6d20000 r--s 00130000 08:01 657062                     /home/macallan/android-studio/gradle/m2repository/com/android/tools/build/builder/2.1.3/builder-2.1.3.jar
7f1cf6d20000-7f1cf6d3d000 r--s 0017c000 08:01 657086                     /home/macallan/android-studio/gradle/m2repository/com/android/tools/build/gradle-core/2.1.3/gradle-core-2.1.3.jar
7f1cf6d3d000-7f1cf6d3f000 r--s 0000c000 08:01 657098                     /home/macallan/android-studio/gradle/m2repository/com/android/tools/build/gradle/2.1.3/gradle-2.1.3.jar
7f1cf6d3f000-7f1cf6d42000 ---p 00000000 00:00 0 
7f1cf6d42000-7f1cf6e40000 rw-p 00000000 00:00 0 
7f1cf6e40000-7f1cf6e43000 ---p 00000000 00:00 0 
7f1cf6e43000-7f1cf6e79000 rw-p 00000000 00:00 0 
7f1cf6e79000-7f1cf6e7a000 r--p 00000000 00:00 0 
7f1cf6e7a000-7f1cf6ee4000 r--s 00e23000 08:01 6817764                    /usr/local/java/jdk1.7.0_79/lib/tools.jar
7f1cf6ee4000-7f1cf6ee7000 ---p 00000000 00:00 0 
7f1cf6ee7000-7f1cf6fe5000 rw-p 00000000 00:00 0 
7f1cf6fe5000-7f1cf6fe8000 ---p 00000000 00:00 0 
7f1cf6fe8000-7f1cf70e6000 rw-p 00000000 00:00 0 
7f1cf70e6000-7f1cf70e9000 ---p 00000000 00:00 0 
7f1cf70e9000-7f1cf71e7000 rw-p 00000000 00:00 0 
7f1cf71e7000-7f1cf71ea000 ---p 00000000 00:00 0 
7f1cf71ea000-7f1cf72e8000 rw-p 00000000 00:00 0 
7f1cf72e8000-7f1cf72eb000 ---p 00000000 00:00 0 
7f1cf72eb000-7f1cf73e9000 rw-p 00000000 00:00 0 
7f1cf73e9000-7f1cf73ec000 ---p 00000000 00:00 0 
7f1cf73ec000-7f1cf74ea000 rw-p 00000000 00:00 0 
7f1cf74ea000-7f1cf74f1000 r--s 00000000 08:01 4331150                    /usr/lib/x86_64-linux-gnu/gconv/gconv-modules.cache
7f1cf74f1000-7f1cf74f4000 ---p 00000000 00:00 0 
7f1cf74f4000-7f1cf75f2000 rw-p 00000000 00:00 0 
7f1cf75f2000-7f1cf75f5000 ---p 00000000 00:00 0 
7f1cf75f5000-7f1cf76f3000 rw-p 00000000 00:00 0 
7f1cf76f3000-7f1cf76fb000 r-xp 00000000 08:01 6815789                    /usr/local/java/jdk1.7.0_79/jre/lib/amd64/libmanagement.so
7f1cf76fb000-7f1cf78fa000 ---p 00008000 08:01 6815789                    /usr/local/java/jdk1.7.0_79/jre/lib/amd64/libmanagement.so
7f1cf78fa000-7f1cf78fb000 rw-p 00007000 08:01 6815789                    /usr/local/java/jdk1.7.0_79/jre/lib/amd64/libmanagement.so
7f1cf78fb000-7f1cf78ff000 r--s 0008b000 08:01 6816407                    /usr/local/java/jdk1.7.0_79/jre/lib/jsse.jar
7f1cf78ff000-7f1cf7901000 r--s 00007000 08:01 656974                     /home/macallan/android-studio/gradle/gradle-2.14.1/lib/plugins/gradle-tooling-api-builders-2.14.1.jar
7f1cf7901000-7f1cf7904000 r--s 00008000 08:01 656970                     /home/macallan/android-studio/gradle/gradle-2.14.1/lib/plugins/gradle-testing-native-2.14.1.jar
7f1cf7904000-7f1cf7906000 r--s 00009000 08:01 657575                     /home/macallan/android-studio/gradle/gradle-2.14.1/lib/plugins/hamcrest-core-1.3.jar
7f1cf7906000-7f1cf790c000 r--s 00033000 08:01 657521                     /home/macallan/android-studio/gradle/gradle-2.14.1/lib/plugins/snakeyaml-1.6.jar
7f1cf790c000-7f1cf790e000 r--s 00006000 08:01 657533                     /home/macallan/android-studio/gradle/gradle-2.14.1/lib/plugins/jcommander-1.12.jar
7f1cf790e000-7f1cf7913000 r--s 00040000 08:01 657520                     /home/macallan/android-studio/gradle/gradle-2.14.1/lib/plugins/bsh-2.0b4.jar
7f1cf7913000-7f1cf791c000 r--s 00089000 08:01 657538                     /home/macallan/android-studio/gradle/gradle-2.14.1/lib/plugins/testng-6.3.1.jar
7f1cf791c000-7f1cf7924000 r--s 00045000 08:01 657542                     /home/macallan/android-studio/gradle/gradle-2.14.1/lib/plugins/junit-4.12.jar
7f1cf7924000-7f1cf792a000 r--s 0002e000 08:01 656979                     /home/macallan/android-studio/gradle/gradle-2.14.1/lib/plugins/gradle-testing-jvm-2.14.1.jar
7f1cf792a000-7f1cf792f000 r--s 00015000 08:01 656983                     /home/macallan/android-studio/gradle/gradle-2.14.1/lib/plugins/gradle-testing-base-2.14.1.jar
7f1cf792f000-7f1cf7930000 r--s 00002000 08:01 657541                     /home/macallan/android-studio/gradle/gradle-2.14.1/lib/plugins/sonar-batch-bootstrapper-2.9.jar
7f1cf7930000-7f1cf7933000 r--s 00015000 08:01 656978                     /home/macallan/android-studio/gradle/gradle-2.14.1/lib/plugins/gradle-sonar-2.14.1.jar
7f1cf7933000-7f1cf793a000 r--s 00038000 08:01 657557                     /home/macallan/android-studio/gradle/gradle-2.14.1/lib/plugins/bcpg-jdk15on-1.51.jar
7f1cf793a000-7f1cf793c000 r--s 0000d000 08:01 656993                     /home/macallan/android-studio/gradle/gradle-2.14.1/lib/plugins/gradle-signing-2.14.1.jar
7f1cf793c000-7f1cf793f000 r--s 00009000 08:01 656987                     /home/macallan/android-studio/gradle/gradle-2.14.1/lib/plugins/gradle-scala-2.14.1.jar
7f1cf793f000-7f1cf7940000 r--s 00004000 08:01 656995                     /home/macallan/android-studio/gradle/gradle-2.14.1/lib/plugins/gradle-resources-sftp-2.14.1.jar
7f1cf7940000-7f1cf7950000 r--s 00088000 08:01 657526                     /home/macallan/android-studio/gradle/gradle-2.14.1/lib/plugins/joda-time-2.8.2.jar
7f1cf7950000-7f1cf7961000 r--s 000cf000 08:01 657579                     /home/macallan/android-studio/gradle/gradle-2.14.1/lib/plugins/jackson-databind-2.3.2.jar
7f1cf7961000-7f1cf7963000 r--s 00007000 08:01 657553                     /home/macallan/android-studio/gradle/gradle-2.14.1/lib/plugins/jackson-annotations-2.3.2.jar
7f1cf7963000-7f1cf7966000 r--s 0002e000 08:01 657560                     /home/macallan/android-studio/gradle/gradle-2.14.1/lib/plugins/jackson-core-2.3.2.jar
7f1cf7966000-7f1cf7971000 r--s 0006b000 08:01 657588                     /home/macallan/android-studio/gradle/gradle-2.14.1/lib/plugins/aws-java-sdk-core-1.9.19.jar
7f1cf7971000-7f1cf7977000 r--s 00036000 08:01 657552                     /home/macallan/android-studio/gradle/gradle-2.14.1/lib/plugins/aws-java-sdk-kms-1.9.19.jar
7f1cf7977000-7f1cf7982000 r--s 00079000 08:01 657540                     /home/macallan/android-studio/gradle/gradle-2.14.1/lib/plugins/aws-java-sdk-s3-1.9.19.jar
7f1cf7982000-7f1cf7983000 r--s 00003000 08:01 657001                     /home/macallan/android-studio/gradle/gradle-2.14.1/lib/plugins/gradle-resources-s3-2.14.1.jar
7f1cf7983000-7f1cf7985000 r--s 00005000 08:01 657573                     /home/macallan/android-studio/gradle/gradle-2.14.1/lib/plugins/jatl-0.2.2.jar
7f1cf7985000-7f1cf7987000 r--s 0000f000 08:01 657007                     /home/macallan/android-studio/gradle/gradle-2.14.1/lib/plugins/gradle-reporting-2.14.1.jar
7f1cf7987000-7f1cf7989000 r--s 00002000 08:01 656989                     /home/macallan/android-studio/gradle/gradle-2.14.1/lib/plugins/gradle-publish-2.14.1.jar
7f1cf7989000-7f1cf798b000 r--s 00009000 08:01 657531                     /home/macallan/android-studio/gradle/gradle-2.14.1/lib/plugins/commons-cli-1.2.jar
7f1cf798b000-7f1cf7991000 r--s 00033000 08:01 656986                     /home/macallan/android-studio/gradle/gradle-2.14.1/lib/plugins/gradle-plugins-2.14.1.jar
7f1cf7991000-7f1cf7997000 r--s 0002a000 08:01 656992                     /home/macallan/android-studio/gradle/gradle-2.14.1/lib/plugins/gradle-platform-play-2.14.1.jar
7f1cf7997000-7f1cf799d000 r--s 00024000 08:01 656998                     /home/macallan/android-studio/gradle/gradle-2.14.1/lib/plugins/gradle-language-java-2.14.1.jar
7f1cf799d000-7f1cf799f000 r--s 00007000 08:01 656972                     /home/macallan/android-studio/gradle/gradle-2.14.1/lib/plugins/gradle-plugin-development-2.14.1.jar
7f1cf799f000-7f1cf79ac000 r--s 0004d000 08:01 656991                     /home/macallan/android-studio/gradle/gradle-2.14.1/lib/plugins/gradle-platform-native-2.14.1.jar
7f1cf79ac000-7f1cf79b0000 r--s 0001a000 08:01 657000                     /home/macallan/android-studio/gradle/gradle-2.14.1/lib/plugins/gradle-platform-jvm-2.14.1.jar
7f1cf79b0000-7f1cf79b7000 r--s 00029000 08:01 656985                     /home/macallan/android-studio/gradle/gradle-2.14.1/lib/plugins/gradle-platform-base-2.14.1.jar
7f1cf79b7000-7f1cf79d8000 r--s 001c3000 08:01 657518                     /home/macallan/android-studio/gradle/gradle-2.14.1/lib/plugins/bndlib-2.4.0.jar
7f1cf79d8000-7f1cf79da000 r--s 00003000 08:01 657002                     /home/macallan/android-studio/gradle/gradle-2.14.1/lib/plugins/gradle-osgi-2.14.1.jar
7f1cf79da000-7f1cf79dd000 r--s 0000c000 08:01 657583                     /home/macallan/android-studio/gradle/gradle-2.14.1/lib/plugins/pmaven-groovy-0.8-20100325.jar
7f1cf79dd000-7f1cf79de000 r--s 00004000 08:01 657572                     /home/macallan/android-studio/gradle/gradle-2.14.1/lib/plugins/pmaven-common-0.8-20100325.jar
7f1cf79de000-7f1cf79e4000 r--s 00022000 08:01 656984                     /home/macallan/android-studio/gradle/gradle-2.14.1/lib/plugins/gradle-maven-2.14.1.jar
7f1cf79e4000-7f1cf79e6000 r--s 0000a000 08:01 656976                     /home/macallan/android-studio/gradle/gradle-2.14.1/lib/plugins/gradle-language-scala-2.14.1.jar
7f1cf79e6000-7f1cf79ec000 r--s 0001a000 08:01 656980                     /home/macallan/android-studio/gradle/gradle-2.14.1/lib/plugins/gradle-language-native-2.14.1.jar
7f1cf79ec000-7f1cf79ee000 r--s 00008000 08:01 656973                     /home/macallan/android-studio/gradle/gradle-2.14.1/lib/plugins/gradle-language-jvm-2.14.1.jar
7f1cf79ee000-7f1cf79f0000 r--s 0000a000 08:01 656990                     /home/macallan/android-studio/gradle/gradle-2.14.1/lib/plugins/gradle-language-groovy-2.14.1.jar
7f1cf79f0000-7f1cf79f3000 r--s 0001e000 08:01 657515                     /home/macallan/android-studio/gradle/gradle-2.14.1/lib/plugins/jsp-api-2.1-6.1.14.jar
7f1cf79f3000-7f1cf7a16000 r--s 00344000 08:01 657554                     /home/macallan/android-studio/gradle/gradle-2.14.1/lib/plugins/core-3.1.1.jar
7f1cf7a16000-7f1cf7a17000 r--s 00006000 08:01 657580                     /home/macallan/android-studio/gradle/gradle-2.14.1/lib/plugins/jetty-naming-6.1.25.jar
7f1cf7a17000-7f1cf7a18000 r--s 00002000 08:01 657548                     /home/macallan/android-studio/gradle/gradle-2.14.1/lib/plugins/geronimo-annotation_1.0_spec-1.0.jar
7f1cf7a18000-7f1cf7a1a000 r--s 00002000 08:01 657577                     /home/macallan/android-studio/gradle/gradle-2.14.1/lib/plugins/jetty-annotations-6.1.25.jar
7f1cf7a1a000-7f1cf7a2b000 r--s 000ea000 08:01 657584                     /home/macallan/android-studio/gradle/gradle-2.14.1/lib/plugins/jsp-2.1-6.1.14.jar
7f1cf7a2b000-7f1cf7a2d000 r--s 0000d000 08:01 657555                     /home/macallan/android-studio/gradle/gradle-2.14.1/lib/plugins/jetty-plus-6.1.25.jar
7f1cf7a2d000-7f1cf7a2f000 r--s 0001f000 08:01 657593                     /home/macallan/android-studio/gradle/gradle-2.14.1/lib/plugins/servlet-api-2.5-20081211.jar
7f1cf7a2f000-7f1cf7a33000 r--s 00028000 08:01 657534                     /home/macallan/android-studio/gradle/gradle-2.14.1/lib/plugins/jetty-util-6.1.25.jar
7f1cf7a33000-7f1cf7a3a000 r--s 0007d000 08:01 657543                     /home/macallan/android-studio/gradle/gradle-2.14.1/lib/plugins/jetty-6.1.25.jar
7f1cf7a3a000-7f1cf7a3c000 r--s 00009000 08:01 657005                     /home/macallan/android-studio/gradle/gradle-2.14.1/lib/plugins/gradle-jetty-2.14.1.jar
7f1cf7a3c000-7f1cf7a43000 r--s 00035000 08:01 657589                     /home/macallan/android-studio/gradle/gradle-2.14.1/lib/plugins/simple-4.1.21.jar
7f1cf7a43000-7f1cf7a4f000 r--s 00100000 08:01 657527                     /home/macallan/android-studio/gradle/gradle-2.14.1/lib/plugins/rhino-1.7R3.jar
7f1cf7a4f000-7f1cf7a53000 r--s 00011000 08:01 656997                     /home/macallan/android-studio/gradle/gradle-2.14.1/lib/plugins/gradle-javascript-2.14.1.jar
7f1cf7a53000-7f1cf7a55000 r--s 0000c000 08:01 657014                     /home/macallan/android-studio/gradle/gradle-2.14.1/lib/plugins/gradle-jacoco-2.14.1.jar
7f1cf7a55000-7f1cf7a58000 r--s 0000e000 08:01 657013                     /home/macallan/android-studio/gradle/gradle-2.14.1/lib/plugins/gradle-ivy-2.14.1.jar
7f1cf7a58000-7f1cf7a5d000 r--s 0002b000 08:01 657006                     /home/macallan/android-studio/gradle/gradle-2.14.1/lib/plugins/gradle-ide-native-2.14.1.jar
7f1cf7a5d000-7f1cf7a68000 r--s 00066000 08:01 656977                     /home/macallan/android-studio/gradle/gradle-2.14.1/lib/plugins/gradle-ide-2.14.1.jar
7f1cf7a68000-7f1cf7a7e000 r-xp 00000000 08:01 787390                     /lib/x86_64-linux-gnu/libgcc_s.so.1
7f1cf7a7e000-7f1cf7c7d000 ---p 00016000 08:01 787390                     /lib/x86_64-linux-gnu/libgcc_s.so.1
7f1cf7c7d000-7f1cf7c7e000 rw-p 00015000 08:01 787390                     /lib/x86_64-linux-gnu/libgcc_s.so.1
7f1cf7c7e000-7f1cf7df0000 r-xp 00000000 08:01 3934006                    /usr/lib/x86_64-linux-gnu/libstdc++.so.6.0.21
7f1cf7df0000-7f1cf7ff0000 ---p 00172000 08:01 3934006                    /usr/lib/x86_64-linux-gnu/libstdc++.so.6.0.21
7f1cf7ff0000-7f1cf7ffa000 r--p 00172000 08:01 3934006                    /usr/lib/x86_64-linux-gnu/libstdc++.so.6.0.21
7f1cf7ffa000-7f1cf7ffc000 rw-p 0017c000 08:01 3934006                    /usr/lib/x86_64-linux-gnu/libstdc++.so.6.0.21
7f1cf7ffc000-7f1cf8000000 rw-p 00000000 00:00 0 
7f1cf8000000-7f1cfa508000 rw-p 00000000 00:00 0 
7f1cfa508000-7f1cfc000000 ---p 00000000 00:00 0 
7f1cfc000000-7f1cfc021000 rw-p 00000000 00:00 0 
7f1cfc021000-7f1d00000000 ---p 00000000 00:00 0 
7f1d00000000-7f1d00285000 rw-p 00000000 00:00 0 
7f1d00285000-7f1d04000000 ---p 00000000 00:00 0 
7f1d04000000-7f1d06611000 rw-p 00000000 00:00 0 
7f1d06611000-7f1d08000000 ---p 00000000 00:00 0 
7f1d08000000-7f1d08254000 rw-p 00000000 00:00 0 
7f1d08254000-7f1d0c000000 ---p 00000000 00:00 0 
7f1d0c000000-7f1d0c021000 rw-p 00000000 00:00 0 
7f1d0c021000-7f1d10000000 ---p 00000000 00:00 0 
7f1d10000000-7f1d10255000 rw-p 00000000 00:00 0 
7f1d10255000-7f1d14000000 ---p 00000000 00:00 0 
7f1d14000000-7f1d14374000 rw-p 00000000 00:00 0 
7f1d14374000-7f1d18000000 ---p 00000000 00:00 0 
7f1d18000000-7f1d18330000 rw-p 00000000 00:00 0 
7f1d18330000-7f1d1c000000 ---p 00000000 00:00 0 
7f1d1c000000-7f1d1c001000 r--s 00002000 08:01 657009                     /home/macallan/android-studio/gradle/gradle-2.14.1/lib/plugins/gradle-ide-play-2.14.1.jar
7f1d1c001000-7f1d1c002000 r--s 00008000 08:01 656975                     /home/macallan/android-studio/gradle/gradle-2.14.1/lib/plugins/gradle-ear-2.14.1.jar
7f1d1c002000-7f1d1c008000 r--s 00032000 08:01 656982                     /home/macallan/android-studio/gradle/gradle-2.14.1/lib/plugins/gradle-diagnostics-2.14.1.jar
7f1d1c008000-7f1d1c00c000 r--s 00021000 08:01 657008                     /home/macallan/android-studio/gradle/gradle-2.14.1/lib/plugins/gradle-code-quality-2.14.1.jar
7f1d1c00c000-7f1d1c010000 r--s 0001f000 08:01 656981                     /home/macallan/android-studio/gradle/gradle-2.14.1/lib/plugins/gradle-build-init-2.14.1.jar
7f1d1c010000-7f1d1c017000 r--s 0008e000 08:01 657011                     /home/macallan/android-studio/gradle/gradle-2.14.1/lib/plugins/gradle-build-comparison-2.14.1.jar
7f1d1c017000-7f1d1c019000 r--s 00008000 08:01 656999                     /home/macallan/android-studio/gradle/gradle-2.14.1/lib/plugins/gradle-antlr-2.14.1.jar
7f1d1c019000-7f1d1c01b000 r--s 00004000 08:01 657012                     /home/macallan/android-studio/gradle/gradle-2.14.1/lib/plugins/gradle-announce-2.14.1.jar
7f1d1c01b000-7f1d1c033000 r--s 00115000 08:01 657546                     /home/macallan/android-studio/gradle/gradle-2.14.1/lib/plugins/xercesImpl-2.9.1.jar
7f1d1c033000-7f1d1c03b000 r--s 00028000 08:01 657569                     /home/macallan/android-studio/gradle/gradle-2.14.1/lib/plugins/xml-apis-1.3.04.jar
7f1d1c03b000-7f1d1c041000 r--s 0005b000 08:01 657561                     /home/macallan/android-studio/gradle/gradle-2.14.1/lib/plugins/jcifs-1.3.17.jar
7f1d1c041000-7f1d1c048000 r--s 00049000 08:01 656996                     /home/macallan/android-studio/gradle/gradle-2.14.1/lib/plugins/httpcore-4.4.4.jar
7f1d1c048000-7f1d1c04e000 r--s 00033000 08:01 657525                     /home/macallan/android-studio/gradle/gradle-2.14.1/lib/plugins/commons-codec-1.6.jar
7f1d1c04e000-7f1d1c051000 r--s 0001c000 08:01 657522                     /home/macallan/android-studio/gradle/gradle-2.14.1/lib/plugins/nekohtml-1.9.14.jar
7f1d1c051000-7f1d1c05e000 r--s 000a4000 08:01 657003                     /home/macallan/android-studio/gradle/gradle-2.14.1/lib/plugins/httpclient-4.4.1.jar
7f1d1c05e000-7f1d1c060000 r--s 0000a000 08:01 656971                     /home/macallan/android-studio/gradle/gradle-2.14.1/lib/plugins/gradle-resources-http-2.14.1.jar
7f1d1c060000-7f1d1c064000 r--s 00014000 08:01 656994                     /home/macallan/android-studio/gradle/gradle-2.14.1/lib/plugins/gradle-plugin-use-2.14.1.jar
7f1d1c064000-7f1d1c065000 r--s 00000000 08:01 656952                     /home/macallan/android-studio/gradle/gradle-2.14.1/lib/gradle-installation-beacon-2.14.1.jar
7f1d1c065000-7f1d1c066000 r--s 00007000 08:01 657532                     /home/macallan/android-studio/gradle/gradle-2.14.1/lib/plugins/wagon-http-shared4-2.4.jar
7f1d1c066000-7f1d1c06a000 r--s 00033000 08:01 657576                     /home/macallan/android-studio/gradle/gradle-2.14.1/lib/plugins/plexus-utils-2.0.6.jar
7f1d1c06a000-7f1d1c06e000 r--s 00021000 08:01 657563                     /home/macallan/android-studio/gradle/gradle-2.14.1/lib/plugins/maven-model-builder-3.0.4.jar
7f1d1c06e000-7f1d1c06f000 r--s 00002000 08:01 657523                     /home/macallan/android-studio/gradle/gradle-2.14.1/lib/plugins/wagon-file-2.4.jar
7f1d1c06f000-7f1d1c071000 r--s 00002000 08:01 657571                     /home/macallan/android-studio/gradle/gradle-2.14.1/lib/plugins/plexus-cipher-1.7.jar
7f1d1c071000-7f1d1c074000 r--s 00013000 08:01 657592                     /home/macallan/android-studio/gradle/gradle-2.14.1/lib/plugins/aether-api-1.13.1.jar
7f1d1c074000-7f1d1c076000 r--s 0000a000 08:01 657535                     /home/macallan/android-studio/gradle/gradle-2.14.1/lib/plugins/maven-settings-3.0.4.jar
7f1d1c076000-7f1d1c078000 r--s 0000d000 08:01 657564                     /home/macallan/android-studio/gradle/gradle-2.14.1/lib/plugins/plexus-interpolation-1.14.jar
7f1d1c078000-7f1d1c07a000 r--s 0000b000 08:01 657581                     /home/macallan/android-studio/gradle/gradle-2.14.1/lib/plugins/maven-artifact-3.0.4.jar
7f1d1c07a000-7f1d1c081000 r--s 0002e000 08:01 657529                     /home/macallan/android-studio/gradle/gradle-2.14.1/lib/plugins/plexus-container-default-1.5.5.jar
7f1d1c081000-7f1d1c083000 r--s 0000b000 08:01 657556                     /home/macallan/android-studio/gradle/gradle-2.14.1/lib/plugins/maven-plugin-api-3.0.4.jar
7f1d1c083000-7f1d1c085000 r--s 00000000 08:01 657559                     /home/macallan/android-studio/gradle/gradle-2.14.1/lib/plugins/plexus-component-annotations-1.5.5.jar
7f1d1c085000-7f1d1c08b000 r--s 0003f000 08:01 657565                     /home/macallan/android-studio/gradle/gradle-2.14.1/lib/plugins/maven-compat-3.0.4.jar
7f1d1c08b000-7f1d1c08e000 r--s 00008000 08:01 657544                     /home/macallan/android-studio/gradle/gradle-2.14.1/lib/plugins/maven-settings-builder-3.0.4.jar
7f1d1c08e000-7f1d1c08f000 r--s 00002000 08:01 657514                     /home/macallan/android-studio/gradle/gradle-2.14.1/lib/plugins/wagon-http-2.4.jar
7f1d1c08f000-7f1d1c091000 r--s 00026000 08:01 657591                     /home/macallan/android-studio/gradle/gradle-2.14.1/lib/plugins/maven-model-3.0.4.jar
7f1d1c091000-7f1d1c093000 r--s 00006000 08:01 657578                     /home/macallan/android-studio/gradle/gradle-2.14.1/lib/plugins/aether-connector-wagon-1.13.1.jar
7f1d1c093000-7f1d1c095000 r--s 0000a000 08:01 657530                     /home/macallan/android-studio/gradle/gradle-2.14.1/lib/plugins/plexus-classworlds-2.4.jar
7f1d1c095000-7f1d1c097000 r--s 00006000 08:01 657567                     /home/macallan/android-studio/gradle/gradle-2.14.1/lib/plugins/maven-repository-metadata-3.0.4.jar
7f1d1c097000-7f1d1c099000 r--s 0000c000 08:01 657547                     /home/macallan/android-studio/gradle/gradle-2.14.1/lib/plugins/maven-aether-provider-3.0.4.jar
7f1d1c099000-7f1d1c09b000 r--s 0000b000 08:01 657539                     /home/macallan/android-studio/gradle/gradle-2.14.1/lib/plugins/wagon-provider-api-2.4.jar
7f1d1c09b000-7f1d1c09c000 r--s 00003000 08:01 657516                     /home/macallan/android-studio/gradle/gradle-2.14.1/lib/plugins/aether-spi-1.13.1.jar
7f1d1c09c000-7f1d1c0a0000 r--s 0001c000 08:01 657585                     /home/macallan/android-studio/gradle/gradle-2.14.1/lib/plugins/aether-util-1.13.1.jar
7f1d1c0a0000-7f1d1c0a3000 r--s 0001d000 08:01 657562                     /home/macallan/android-studio/gradle/gradle-2.14.1/lib/plugins/aether-impl-1.13.1.jar
7f1d1c0a3000-7f1d1c0a4000 r--s 00006000 08:01 657568                     /home/macallan/android-studio/gradle/gradle-2.14.1/lib/plugins/plexus-sec-dispatcher-1.3.jar
7f1d1c0a4000-7f1d1c0a9000 r--s 00040000 08:01 657517                     /home/macallan/android-studio/gradle/gradle-2.14.1/lib/plugins/jsch-0.1.53.jar
7f1d1c0a9000-7f1d1c0e9000 r--s 00277000 08:01 657519                     /home/macallan/android-studio/gradle/gradle-2.14.1/lib/plugins/bcprov-jdk15on-1.51.jar
7f1d1c0e9000-7f1d1c0ed000 r--s 0001d000 08:01 657551                     /home/macallan/android-studio/gradle/gradle-2.14.1/lib/plugins/xbean-reflect-3.4.jar
7f1d1c0ed000-7f1d1c0f9000 r--s 0007d000 08:01 657570                     /home/macallan/android-studio/gradle/gradle-2.14.1/lib/plugins/maven-core-3.0.4.jar
7f1d1c0f9000-7f1d1c0fe000 r--s 0002a000 08:01 657545                     /home/macallan/android-studio/gradle/gradle-2.14.1/lib/plugins/gson-2.2.4.jar
7f1d1c0fe000-7f1d1c10d000 r--s 000d9000 08:01 657528                     /home/macallan/android-studio/gradle/gradle-2.14.1/lib/plugins/ivy-2.2.0.jar
7f1d1c10d000-7f1d1c129000 r--s 000d3000 08:01 656988                     /home/macallan/android-studio/gradle/gradle-2.14.1/lib/plugins/gradle-dependency-management-2.14.1.jar
7f1d1c129000-7f1d1c12d000 r-xp 00000000 08:01 8651872                    /home/macallan/.gradle/native/19/linux-amd64/libnative-platform.so
7f1d1c12d000-7f1d1c32c000 ---p 00004000 08:01 8651872                    /home/macallan/.gradle/native/19/linux-amd64/libnative-platform.so
7f1d1c32c000-7f1d1c32d000 rw-p 00003000 08:01 8651872                    /home/macallan/.gradle/native/19/linux-amd64/libnative-platform.so
7f1d1c32d000-7f1d1c33d000 r-xp 00000000 08:01 6815781                    /usr/local/java/jdk1.7.0_79/jre/lib/amd64/libnio.so
7f1d1c33d000-7f1d1c53d000 ---p 00010000 08:01 6815781                    /usr/local/java/jdk1.7.0_79/jre/lib/amd64/libnio.so
7f1d1c53d000-7f1d1c53e000 rw-p 00010000 08:01 6815781                    /usr/local/java/jdk1.7.0_79/jre/lib/amd64/libnio.so
7f1d1c53e000-7f1d1c83f000 rw-p 00000000 00:00 0 
7f1d1c83f000-7f1d1c855000 r-xp 00000000 08:01 6815815                    /usr/local/java/jdk1.7.0_79/jre/lib/amd64/libnet.so
7f1d1c855000-7f1d1ca55000 ---p 00016000 08:01 6815815                    /usr/local/java/jdk1.7.0_79/jre/lib/amd64/libnet.so
7f1d1ca55000-7f1d1ca56000 rw-p 00016000 08:01 6815815                    /usr/local/java/jdk1.7.0_79/jre/lib/amd64/libnet.so
7f1d1ca56000-7f1d1ca58000 r--s 00005000 08:01 656956                     /home/macallan/android-studio/gradle/gradle-2.14.1/lib/gradle-wrapper-2.14.1.jar
7f1d1ca58000-7f1d1ca66000 r--s 0004f000 08:01 656948                     /home/macallan/android-studio/gradle/gradle-2.14.1/lib/gradle-tooling-api-2.14.1.jar
7f1d1ca66000-7f1d1ca68000 r--s 00002000 08:01 656951                     /home/macallan/android-studio/gradle/gradle-2.14.1/lib/gradle-open-api-2.14.1.jar
7f1d1ca68000-7f1d1ca6e000 r--s 00032000 08:01 657509                     /home/macallan/android-studio/gradle/gradle-2.14.1/lib/jaxen-1.1.jar
7f1d1ca6e000-7f1d1ca73000 r--s 00048000 08:01 657486                     /home/macallan/android-studio/gradle/gradle-2.14.1/lib/dom4j-1.6.1.jar
7f1d1ca73000-7f1d1ca7e000 r--s 00059000 08:01 656965                     /home/macallan/android-studio/gradle/gradle-2.14.1/lib/gradle-ui-2.14.1.jar
7f1d1ca7e000-7f1d1ca81000 r--s 0000b000 08:01 657015                     /home/macallan/android-studio/gradle/gradle-2.14.1/lib/gradle-resources-2.14.1.jar
7f1d1ca81000-7f1d1ca83000 r--s 00003000 08:01 657511                     /home/macallan/android-studio/gradle/gradle-2.14.1/lib/jcl-over-slf4j-1.7.10.jar
7f1d1ca83000-7f1d1ca84000 r--s 00005000 08:01 657506                     /home/macallan/android-studio/gradle/gradle-2.14.1/lib/log4j-over-slf4j-1.7.10.jar
7f1d1ca84000-7f1d1ca86000 r--s 00000000 08:01 657594                     /home/macallan/android-studio/gradle/gradle-2.14.1/lib/jul-to-slf4j-1.7.10.jar
7f1d1ca86000-7f1d1ca8b000 r--s 0001c000 08:01 656954                     /home/macallan/android-studio/gradle/gradle-2.14.1/lib/gradle-logging-2.14.1.jar
7f1d1ca8b000-7f1d1ca8d000 r--s 00007000 08:01 657513                     /home/macallan/android-studio/gradle/gradle-2.14.1/lib/objenesis-1.2.jar
7f1d1ca8d000-7f1d1ca8f000 r--s 00000000 08:01 657491                     /home/macallan/android-studio/gradle/gradle-2.14.1/lib/minlog-1.2.jar
7f1d1ca8f000-7f1d1ca91000 r--s 0000f000 08:01 657497                     /home/macallan/android-studio/gradle/gradle-2.14.1/lib/reflectasm-1.07-shaded.jar
7f1d1ca91000-7f1d1ca95000 r--s 00026000 08:01 657504                     /home/macallan/android-studio/gradle/gradle-2.14.1/lib/kryo-2.20.jar
7f1d1ca95000-7f1d1ca9b000 r--s 00025000 08:01 656950                     /home/macallan/android-studio/gradle/gradle-2.14.1/lib/gradle-messaging-2.14.1.jar
7f1d1ca9b000-7f1d1ca9c000 r--s 00003000 08:01 657510                     /home/macallan/android-studio/gradle/gradle-2.14.1/lib/native-platform-freebsd-amd64-0.10.jar
7f1d1ca9c000-7f1d1ca9d000 r--s 00003000 08:01 657498                     /home/macallan/android-studio/gradle/gradle-2.14.1/lib/native-platform-freebsd-i386-0.10.jar
7f1d1ca9d000-7f1d1ca9e000 r--s 00005000 08:01 657493                     /home/macallan/android-studio/gradle/gradle-2.14.1/lib/native-platform-windows-i386-0.10.jar
7f1d1ca9e000-7f1d1ca9f000 r--s 00005000 08:01 657492                     /home/macallan/android-studio/gradle/gradle-2.14.1/lib/native-platform-windows-amd64-0.10.jar
7f1d1ca9f000-7f1d1caa0000 r--s 00003000 08:01 657499                     /home/macallan/android-studio/gradle/gradle-2.14.1/lib/native-platform-linux-i386-0.10.jar
7f1d1caa0000-7f1d1caa1000 r--s 00003000 08:01 657490                     /home/macallan/android-studio/gradle/gradle-2.14.1/lib/native-platform-linux-amd64-0.10.jar
7f1d1caa1000-7f1d1caa2000 r--s 00002000 08:01 657489                     /home/macallan/android-studio/gradle/gradle-2.14.1/lib/native-platform-osx-amd64-0.10.jar
7f1d1caa2000-7f1d1caa3000 r--s 00002000 08:01 657507                     /home/macallan/android-studio/gradle/gradle-2.14.1/lib/native-platform-osx-i386-0.10.jar
7f1d1caa3000-7f1d1caa6000 r--s 0000d000 08:01 657503                     /home/macallan/android-studio/gradle/gradle-2.14.1/lib/native-platform-0.10.jar
7f1d1caa6000-7f1d1cab5000 r--s 00080000 08:01 656963                     /home/macallan/android-studio/gradle/gradle-2.14.1/lib/gradle-model-core-2.14.1.jar
7f1d1cab5000-7f1d1cb24000 r--s 0063e000 08:01 657596                     /home/macallan/android-studio/gradle/gradle-2.14.1/lib/groovy-all-2.4.4.jar
7f1d1cb24000-7f1d1cb4c000 r--s 001cf000 08:01 657495                     /home/macallan/android-studio/gradle/gradle-2.14.1/lib/guava-jdk5-17.0.jar
7f1d1cb4c000-7f1d1cb6b000 r--s 001d1000 08:01 656955                     /home/macallan/android-studio/gradle/gradle-2.14.1/lib/ant-1.9.6.jar
7f1d1cb6b000-7f1d1cba2000 r--s 001bd000 08:01 656957                     /home/macallan/android-studio/gradle/gradle-2.14.1/lib/gradle-core-2.14.1.jar
7f1d1cba2000-7f1d1cba3000 ---p 00000000 00:00 0 
7f1d1cba3000-7f1d1cca3000 rw-p 00000000 00:00 0 
7f1d1cca3000-7f1d1cca6000 ---p 00000000 00:00 0 
7f1d1cca6000-7f1d1cda4000 rw-p 00000000 00:00 0 
7f1d1cda4000-7f1d1cda7000 ---p 00000000 00:00 0 
7f1d1cda7000-7f1d1cea5000 rw-p 00000000 00:00 0 
7f1d1cea5000-7f1d1cea8000 ---p 00000000 00:00 0 
7f1d1cea8000-7f1d1cfa6000 rw-p 00000000 00:00 0 
7f1d1cfa6000-7f1d1cfa9000 ---p 00000000 00:00 0 
7f1d1cfa9000-7f1d1d0a7000 rw-p 00000000 00:00 0 
7f1d1d0a7000-7f1d1d4fd000 r--p 00000000 08:01 3933600                    /usr/lib/locale/locale-archive
7f1d1d4fd000-7f1d1d500000 ---p 00000000 00:00 0 
7f1d1d500000-7f1d1d5fe000 rw-p 00000000 00:00 0 
7f1d1d5fe000-7f1d1d601000 ---p 00000000 00:00 0 
7f1d1d601000-7f1d1d6ff000 rw-p 00000000 00:00 0 
7f1d1d6ff000-7f1d1d700000 ---p 00000000 00:00 0 
7f1d1d700000-7f1d1e196000 rw-p 00000000 00:00 0 
7f1d1e196000-7f1d1e356000 r--s 039f7000 08:01 6816463                    /usr/local/java/jdk1.7.0_79/jre/lib/rt.jar
7f1d1e356000-7f1d238cc000 rw-p 00000000 00:00 0 
7f1d238cc000-7f1d238cd000 ---p 00000000 00:00 0 
7f1d238cd000-7f1d239cd000 rw-p 00000000 00:00 0 
7f1d239cd000-7f1d239ce000 ---p 00000000 00:00 0 
7f1d239ce000-7f1d23aed000 rw-p 00000000 00:00 0 
7f1d23aed000-7f1d23af9000 ---p 00000000 00:00 0 
7f1d23af9000-7f1d23bce000 rw-p 00000000 00:00 0 
7f1d23bce000-7f1d23c6b000 rw-p 00000000 00:00 0 
7f1d23c6b000-7f1d23cc6000 ---p 00000000 00:00 0 
7f1d23cc6000-7f1d23e79000 rw-p 00000000 00:00 0 
7f1d23e79000-7f1d23e98000 rw-p 00000000 00:00 0 
7f1d23e98000-7f1d23ea4000 ---p 00000000 00:00 0 
7f1d23ea4000-7f1d23f79000 rw-p 00000000 00:00 0 
7f1d23f79000-7f1d24016000 rw-p 00000000 00:00 0 
7f1d24016000-7f1d24071000 ---p 00000000 00:00 0 
7f1d24071000-7f1d24223000 rw-p 00000000 00:00 0 
7f1d24223000-7f1d24379000 rw-p 00000000 00:00 0 
7f1d24379000-7f1d2437a000 rw-p 00000000 00:00 0 
7f1d2437a000-7f1d2551a000 rwxp 00000000 00:00 0 
7f1d2551a000-7f1d2737a000 rw-p 00000000 00:00 0 
7f1d2737a000-7f1d27394000 r-xp 00000000 08:01 6815810                    /usr/local/java/jdk1.7.0_79/jre/lib/amd64/libzip.so
7f1d27394000-7f1d27594000 ---p 0001a000 08:01 6815810                    /usr/local/java/jdk1.7.0_79/jre/lib/amd64/libzip.so
7f1d27594000-7f1d27595000 rw-p 0001a000 08:01 6815810                    /usr/local/java/jdk1.7.0_79/jre/lib/amd64/libzip.so
7f1d27595000-7f1d275a0000 r-xp 00000000 08:01 796536                     /lib/x86_64-linux-gnu/libnss_files-2.23.so
7f1d275a0000-7f1d2779f000 ---p 0000b000 08:01 796536                     /lib/x86_64-linux-gnu/libnss_files-2.23.so
7f1d2779f000-7f1d277a0000 r--p 0000a000 08:01 796536                     /lib/x86_64-linux-gnu/libnss_files-2.23.so
7f1d277a0000-7f1d277a1000 rw-p 0000b000 08:01 796536                     /lib/x86_64-linux-gnu/libnss_files-2.23.so
7f1d277a1000-7f1d277a7000 rw-p 00000000 00:00 0 
7f1d277a7000-7f1d277b2000 r-xp 00000000 08:01 796533                     /lib/x86_64-linux-gnu/libnss_nis-2.23.so
7f1d277b2000-7f1d279b1000 ---p 0000b000 08:01 796533                     /lib/x86_64-linux-gnu/libnss_nis-2.23.so
7f1d279b1000-7f1d279b2000 r--p 0000a000 08:01 796533                     /lib/x86_64-linux-gnu/libnss_nis-2.23.so
7f1d279b2000-7f1d279b3000 rw-p 0000b000 08:01 796533                     /lib/x86_64-linux-gnu/libnss_nis-2.23.so
7f1d279b3000-7f1d279c9000 r-xp 00000000 08:01 796531                     /lib/x86_64-linux-gnu/libnsl-2.23.so
7f1d279c9000-7f1d27bc8000 ---p 00016000 08:01 796531                     /lib/x86_64-linux-gnu/libnsl-2.23.so
7f1d27bc8000-7f1d27bc9000 r--p 00015000 08:01 796531                     /lib/x86_64-linux-gnu/libnsl-2.23.so
7f1d27bc9000-7f1d27bca000 rw-p 00016000 08:01 796531                     /lib/x86_64-linux-gnu/libnsl-2.23.so
7f1d27bca000-7f1d27bcc000 rw-p 00000000 00:00 0 
7f1d27bcc000-7f1d27bd4000 r-xp 00000000 08:01 796529                     /lib/x86_64-linux-gnu/libnss_compat-2.23.so
7f1d27bd4000-7f1d27dd3000 ---p 00008000 08:01 796529                     /lib/x86_64-linux-gnu/libnss_compat-2.23.so
7f1d27dd3000-7f1d27dd4000 r--p 00007000 08:01 796529                     /lib/x86_64-linux-gnu/libnss_compat-2.23.so
7f1d27dd4000-7f1d27dd5000 rw-p 00008000 08:01 796529                     /lib/x86_64-linux-gnu/libnss_compat-2.23.so
7f1d27dd5000-7f1d27dfe000 r-xp 00000000 08:01 6815776                    /usr/local/java/jdk1.7.0_79/jre/lib/amd64/libjava.so
7f1d27dfe000-7f1d27ffe000 ---p 00029000 08:01 6815776                    /usr/local/java/jdk1.7.0_79/jre/lib/amd64/libjava.so
7f1d27ffe000-7f1d28000000 rw-p 00029000 08:01 6815776                    /usr/local/java/jdk1.7.0_79/jre/lib/amd64/libjava.so
7f1d28000000-7f1d2874e000 rw-p 00000000 00:00 0 
7f1d2874e000-7f1d2c000000 ---p 00000000 00:00 0 
7f1d2c000000-7f1d2c002000 r--s 00008000 08:01 657508                     /home/macallan/android-studio/gradle/gradle-2.14.1/lib/jansi-1.2.1.jar
7f1d2c002000-7f1d2c006000 r--s 000e4000 08:01 657502                     /home/macallan/android-studio/gradle/gradle-2.14.1/lib/jna-3.2.7.jar
7f1d2c006000-7f1d2c008000 r--s 00009000 08:01 656967                     /home/macallan/android-studio/gradle/gradle-2.14.1/lib/gradle-native-2.14.1.jar
7f1d2c008000-7f1d2c00a000 r--s 00005000 08:01 656968                     /home/macallan/android-studio/gradle/gradle-2.14.1/lib/gradle-cli-2.14.1.jar
7f1d2c00a000-7f1d2c00c000 r--s 00007000 08:01 656953                     /home/macallan/android-studio/gradle/gradle-2.14.1/lib/gradle-model-groovy-2.14.1.jar
7f1d2c00c000-7f1d2c00d000 r--s 00006000 08:01 656962                     /home/macallan/android-studio/gradle/gradle-2.14.1/lib/gradle-base-services-groovy-2.14.1.jar
7f1d2c00d000-7f1d2c00e000 r--s 00002000 08:01 656958                     /home/macallan/android-studio/gradle/gradle-2.14.1/lib/gradle-docs-2.14.1.jar
7f1d2c00e000-7f1d2c00f000 r--s 00000000 08:01 657595                     /home/macallan/android-studio/gradle/gradle-2.14.1/lib/javax.inject-1.jar
7f1d2c00f000-7f1d2c010000 r--s 00000000 08:01 657496                     /home/macallan/android-studio/gradle/gradle-2.14.1/lib/jcip-annotations-1.0.jar
7f1d2c010000-7f1d2c014000 r--s 00027000 08:01 657505                     /home/macallan/android-studio/gradle/gradle-2.14.1/lib/commons-io-2.2.jar
7f1d2c014000-7f1d2c0ea000 rw-p 00000000 00:00 0 
7f1d2c0ea000-7f1d2c0f7000 r-xp 00000000 08:01 6815803                    /usr/local/java/jdk1.7.0_79/jre/lib/amd64/libverify.so
7f1d2c0f7000-7f1d2c2f6000 ---p 0000d000 08:01 6815803                    /usr/local/java/jdk1.7.0_79/jre/lib/amd64/libverify.so
7f1d2c2f6000-7f1d2c2f8000 rw-p 0000c000 08:01 6815803                    /usr/local/java/jdk1.7.0_79/jre/lib/amd64/libverify.so
7f1d2c2f8000-7f1d2c2ff000 r-xp 00000000 08:01 796545                     /lib/x86_64-linux-gnu/librt-2.23.so
7f1d2c2ff000-7f1d2c4fe000 ---p 00007000 08:01 796545                     /lib/x86_64-linux-gnu/librt-2.23.so
7f1d2c4fe000-7f1d2c4ff000 r--p 00006000 08:01 796545                     /lib/x86_64-linux-gnu/librt-2.23.so
7f1d2c4ff000-7f1d2c500000 rw-p 00007000 08:01 796545                     /lib/x86_64-linux-gnu/librt-2.23.so
7f1d2c500000-7f1d2c608000 r-xp 00000000 08:01 796542                     /lib/x86_64-linux-gnu/libm-2.23.so
7f1d2c608000-7f1d2c807000 ---p 00108000 08:01 796542                     /lib/x86_64-linux-gnu/libm-2.23.so
7f1d2c807000-7f1d2c808000 r--p 00107000 08:01 796542                     /lib/x86_64-linux-gnu/libm-2.23.so
7f1d2c808000-7f1d2c809000 rw-p 00108000 08:01 796542                     /lib/x86_64-linux-gnu/libm-2.23.so
7f1d2c809000-7f1d2d37e000 r-xp 00000000 08:01 6815830                    /usr/local/java/jdk1.7.0_79/jre/lib/amd64/server/libjvm.so
7f1d2d37e000-7f1d2d57e000 ---p 00b75000 08:01 6815830                    /usr/local/java/jdk1.7.0_79/jre/lib/amd64/server/libjvm.so
7f1d2d57e000-7f1d2d642000 rw-p 00b75000 08:01 6815830                    /usr/local/java/jdk1.7.0_79/jre/lib/amd64/server/libjvm.so
7f1d2d642000-7f1d2d683000 rw-p 00000000 00:00 0 
7f1d2d683000-7f1d2d843000 r-xp 00000000 08:01 796550                     /lib/x86_64-linux-gnu/libc-2.23.so
7f1d2d843000-7f1d2da42000 ---p 001c0000 08:01 796550                     /lib/x86_64-linux-gnu/libc-2.23.so
7f1d2da42000-7f1d2da46000 r--p 001bf000 08:01 796550                     /lib/x86_64-linux-gnu/libc-2.23.so
7f1d2da46000-7f1d2da48000 rw-p 001c3000 08:01 796550                     /lib/x86_64-linux-gnu/libc-2.23.so
7f1d2da48000-7f1d2da4c000 rw-p 00000000 00:00 0 
7f1d2da4c000-7f1d2da4f000 r-xp 00000000 08:01 796551                     /lib/x86_64-linux-gnu/libdl-2.23.so
7f1d2da4f000-7f1d2dc4e000 ---p 00003000 08:01 796551                     /lib/x86_64-linux-gnu/libdl-2.23.so
7f1d2dc4e000-7f1d2dc4f000 r--p 00002000 08:01 796551                     /lib/x86_64-linux-gnu/libdl-2.23.so
7f1d2dc4f000-7f1d2dc50000 rw-p 00003000 08:01 796551                     /lib/x86_64-linux-gnu/libdl-2.23.so
7f1d2dc50000-7f1d2dc66000 r-xp 00000000 08:01 6816511                    /usr/local/java/jdk1.7.0_79/lib/amd64/jli/libjli.so
7f1d2dc66000-7f1d2de66000 ---p 00016000 08:01 6816511                    /usr/local/java/jdk1.7.0_79/lib/amd64/jli/libjli.so
7f1d2de66000-7f1d2de67000 rw-p 00016000 08:01 6816511                    /usr/local/java/jdk1.7.0_79/lib/amd64/jli/libjli.so
7f1d2de67000-7f1d2de7f000 r-xp 00000000 08:01 796549                     /lib/x86_64-linux-gnu/libpthread-2.23.so
7f1d2de7f000-7f1d2e07e000 ---p 00018000 08:01 796549                     /lib/x86_64-linux-gnu/libpthread-2.23.so
7f1d2e07e000-7f1d2e07f000 r--p 00017000 08:01 796549                     /lib/x86_64-linux-gnu/libpthread-2.23.so
7f1d2e07f000-7f1d2e080000 rw-p 00018000 08:01 796549                     /lib/x86_64-linux-gnu/libpthread-2.23.so
7f1d2e080000-7f1d2e084000 rw-p 00000000 00:00 0 
7f1d2e084000-7f1d2e0aa000 r-xp 00000000 08:01 796546                     /lib/x86_64-linux-gnu/ld-2.23.so
7f1d2e0aa000-7f1d2e0b7000 r--s 00083000 08:01 657016                     /home/macallan/android-studio/gradle/gradle-2.14.1/lib/commons-collections-3.2.2.jar
7f1d2e0b7000-7f1d2e0bc000 r--s 00038000 08:01 656960                     /home/macallan/android-studio/gradle/gradle-2.14.1/lib/asm-all-5.1.jar
7f1d2e0bc000-7f1d2e0bd000 r--s 00001000 08:01 656966                     /home/macallan/android-studio/gradle/gradle-2.14.1/lib/gradle-process-services-2.14.1.jar
7f1d2e0bd000-7f1d2e0c2000 r--s 00041000 08:01 657501                     /home/macallan/android-studio/gradle/gradle-2.14.1/lib/commons-lang-2.6.jar
7f1d2e0c2000-7f1d2e0ca000 r--s 0003a000 08:01 656961                     /home/macallan/android-studio/gradle/gradle-2.14.1/lib/gradle-base-services-2.14.1.jar
7f1d2e0ca000-7f1d2e111000 rw-p 00000000 00:00 0 
7f1d2e111000-7f1d2e18a000 rw-p 00000000 00:00 0 
7f1d2e18a000-7f1d2e18d000 ---p 00000000 00:00 0 
7f1d2e18d000-7f1d2e28f000 rw-p 00000000 00:00 0 
7f1d2e28f000-7f1d2e290000 r--s 00000000 08:01 656949                     /home/macallan/android-studio/gradle/gradle-2.14.1/lib/gradle-jvm-services-2.14.1.jar
7f1d2e290000-7f1d2e291000 r--s 00007000 08:01 657494                     /home/macallan/android-studio/gradle/gradle-2.14.1/lib/slf4j-api-1.7.10.jar
7f1d2e291000-7f1d2e292000 r--s 00004000 08:01 656964                     /home/macallan/android-studio/gradle/gradle-2.14.1/lib/ant-launcher-1.9.6.jar
7f1d2e292000-7f1d2e29d000 r--s 00051000 08:01 656959                     /home/macallan/android-studio/gradle/gradle-2.14.1/lib/gradle-launcher-2.14.1.jar
7f1d2e29d000-7f1d2e2a5000 rw-s 00000000 08:01 4195364                    /tmp/hsperfdata_macallan/4645
7f1d2e2a5000-7f1d2e2a6000 rw-p 00000000 00:00 0 
7f1d2e2a6000-7f1d2e2a7000 ---p 00000000 00:00 0 
7f1d2e2a7000-7f1d2e2a9000 rw-p 00000000 00:00 0 
7f1d2e2a9000-7f1d2e2aa000 r--p 00025000 08:01 796546                     /lib/x86_64-linux-gnu/ld-2.23.so
7f1d2e2aa000-7f1d2e2ab000 rw-p 00026000 08:01 796546                     /lib/x86_64-linux-gnu/ld-2.23.so
7f1d2e2ab000-7f1d2e2ac000 rw-p 00000000 00:00 0 
7fff45d35000-7fff45d56000 rw-p 00000000 00:00 0                          [stack]
7fff45de2000-7fff45de4000 r--p 00000000 00:00 0                          [vvar]
7fff45de4000-7fff45de6000 r-xp 00000000 00:00 0                          [vdso]
ffffffffff600000-ffffffffff601000 r-xp 00000000 00:00 0                  [vsyscall]

VM Arguments:
jvm_args: -XX:MaxPermSize=512m -XX:+HeapDumpOnOutOfMemoryError -Xmx2048m -Dfile.encoding=UTF-8 -Duser.country=DK -Duser.language=da -Duser.variant 
java_command: org.gradle.launcher.daemon.bootstrap.GradleDaemon 2.14.1
Launcher Type: SUN_STANDARD

Environment Variables:
JAVA_HOME=/usr/local/java/jdk1.8.0_92
JRE_HOME=/usr/local/java/jre1.8.0_92
PATH=/usr/local/sbin:/usr/local/bin:/usr/sbin:/usr/bin:/sbin:/bin:/usr/games:/usr/local/games:/snap/bin:/usr/local/java/jre1.8.0_92/bin:/usr/local/java/jdk1.8.0_92/bin
LD_LIBRARY_PATH=/home/macallan/android-studio/bin:
SHELL=/bin/bash
DISPLAY=:0

Signal Handlers:
SIGSEGV: [libjvm.so+0x9a3bf0], sa_mask[0]=0x7ffbfeff, sa_flags=0x10000004
SIGBUS: [libjvm.so+0x9a3bf0], sa_mask[0]=0x7ffbfeff, sa_flags=0x10000004
SIGFPE: [libjvm.so+0x81cb60], sa_mask[0]=0x7ffbfeff, sa_flags=0x10000004
SIGPIPE: [libjvm.so+0x81cb60], sa_mask[0]=0x7ffbfeff, sa_flags=0x10000004
SIGXFSZ: [libjvm.so+0x81cb60], sa_mask[0]=0x7ffbfeff, sa_flags=0x10000004
SIGILL: [libjvm.so+0x81cb60], sa_mask[0]=0x7ffbfeff, sa_flags=0x10000004
SIGUSR1: SIG_DFL, sa_mask[0]=0x00000000, sa_flags=0x00000000
SIGUSR2: [libjvm.so+0x81e360], sa_mask[0]=0x00000004, sa_flags=0x10000004
SIGHUP: [libjvm.so+0x81f480], sa_mask[0]=0x7ffbfeff, sa_flags=0x10000004
SIGINT: [libjvm.so+0x81f480], sa_mask[0]=0x7ffbfeff, sa_flags=0x10000004
SIGTERM: [libjvm.so+0x81f480], sa_mask[0]=0x7ffbfeff, sa_flags=0x10000004
SIGQUIT: [libjvm.so+0x81f480], sa_mask[0]=0x7ffbfeff, sa_flags=0x10000004


---------------  S Y S T E M  ---------------

OS:stretch/sid

uname:Linux 4.4.0-36-generic #55-Ubuntu SMP Thu Aug 11 18:01:55 UTC 2016 x86_64
libc:glibc 2.23 NPTL 2.23 
rlimit: STACK 8192k, CORE 0k, NPROC 7816, NOFILE 65536, AS infinity
load average:4,12 1,90 1,23

/proc/meminfo:
MemTotal:        2039832 kB
MemFree:           65996 kB
MemAvailable:      24888 kB
Buffers:            1060 kB
Cached:           219636 kB
SwapCached:        28392 kB
Active:          1359080 kB
Inactive:         476920 kB
Active(anon):    1341528 kB
Inactive(anon):   453600 kB
Active(file):      17552 kB
Inactive(file):    23320 kB
Unevictable:          48 kB
Mlocked:              48 kB
SwapTotal:       2086908 kB
SwapFree:          54700 kB
Dirty:              2180 kB
Writeback:            32 kB
AnonPages:       1587508 kB
Mapped:            30112 kB
Shmem:            179788 kB
Slab:              60032 kB
SReclaimable:      27568 kB
SUnreclaim:        32464 kB
KernelStack:        9968 kB
PageTables:        42484 kB
NFS_Unstable:          0 kB
Bounce:                0 kB
WritebackTmp:          0 kB
CommitLimit:     3106824 kB
Committed_AS:    8039092 kB
VmallocTotal:   34359738367 kB
VmallocUsed:           0 kB
VmallocChunk:          0 kB
HardwareCorrupted:     0 kB
AnonHugePages:    239616 kB
CmaTotal:              0 kB
CmaFree:               0 kB
HugePages_Total:       0
HugePages_Free:        0
HugePages_Rsvd:        0
HugePages_Surp:        0
Hugepagesize:       2048 kB
DirectMap4k:      114304 kB
DirectMap2M:     1974272 kB


CPU:total 2 (2 cores per cpu, 1 threads per core) family 6 model 15 stepping 13, cmov, cx8, fxsr, mmx, sse, sse2, sse3, ssse3, tsc

/proc/cpuinfo:
processor	: 0
vendor_id	: GenuineIntel
cpu family	: 6
model		: 15
model name	: Intel(R) Pentium(R) Dual  CPU  T2330  @ 1.60GHz
stepping	: 13
microcode	: 0xa4
cpu MHz		: 1600.000
cache size	: 1024 KB
physical id	: 0
siblings	: 2
core id		: 0
cpu cores	: 2
apicid		: 0
initial apicid	: 0
fpu		: yes
fpu_exception	: yes
cpuid level	: 10
wp		: yes
flags		: fpu vme de pse tsc msr pae mce cx8 apic sep mtrr pge mca cmov pat pse36 clflush dts acpi mmx fxsr sse sse2 ss ht tm pbe syscall nx lm constant_tsc arch_perfmon pebs bts rep_good nopl aperfmperf pni dtes64 monitor ds_cpl est tm2 ssse3 cx16 xtpr pdcm lahf_lm dtherm
bugs		:
bogomips	: 3192.34
clflush size	: 64
cache_alignment	: 64
address sizes	: 36 bits physical, 48 bits virtual
power management:

processor	: 1
vendor_id	: GenuineIntel
cpu family	: 6
model		: 15
model name	: Intel(R) Pentium(R) Dual  CPU  T2330  @ 1.60GHz
stepping	: 13
microcode	: 0xa4
cpu MHz		: 1333.000
cache size	: 1024 KB
physical id	: 0
siblings	: 2
core id		: 1
cpu cores	: 2
apicid		: 1
initial apicid	: 1
fpu		: yes
fpu_exception	: yes
cpuid level	: 10
wp		: yes
flags		: fpu vme de pse tsc msr pae mce cx8 apic sep mtrr pge mca cmov pat pse36 clflush dts acpi mmx fxsr sse sse2 ss ht tm pbe syscall nx lm constant_tsc arch_perfmon pebs bts rep_good nopl aperfmperf pni dtes64 monitor ds_cpl est tm2 ssse3 cx16 xtpr pdcm lahf_lm dtherm
bugs		:
bogomips	: 3192.34
clflush size	: 64
cache_alignment	: 64
address sizes	: 36 bits physical, 48 bits virtual
power management:



Memory: 4k page, physical 2039832k(65864k free), swap 2086908k(54700k free)

vm_info: Java HotSpot(TM) 64-Bit Server VM (24.79-b02) for linux-amd64 JRE (1.7.0_79-b15), built on Apr 10 2015 11:34:48 by "java_re" with gcc 4.3.0 20080428 (Red Hat 4.3.0-8)

time: Wed Sep 14 22:19:44 2016
elapsed time: 9030 seconds

